Log file open, 05/07/23 00:07:44
LogWindows: Failed to load 'aqProf.dll' (GetLastError=126)
LogWindows: File 'aqProf.dll' does not exist
LogWindows: Failed to load 'VtuneApi.dll' (GetLastError=126)
LogWindows: File 'VtuneApi.dll' does not exist
LogWindows: Failed to load 'VtuneApi32e.dll' (GetLastError=126)
LogWindows: File 'VtuneApi32e.dll' does not exist
LogConsoleResponse: Display: Failed to find resolution value strings in scalability ini. Falling back to default.
LogConsoleResponse: Display: Failed to find resolution value strings in scalability ini. Falling back to default.
LogInit: Display: Running engine for game: meihuaK
LogPlatformFile: Not using cached read wrapper
LogTaskGraph: Started task graph with 5 named threads and 47 total threads with 3 sets of task threads.
LogStats: Stats thread started at 0.581268
LogICUInternationalization: ICU TimeZone Detection - Raw Offset: +8:00, Platform Override: ''
LogInit: Display: Loading text-based GConfig....
LogPluginManager: Mounting plugin MeshPainting
LogPluginManager: Mounting plugin XGEController
LogPluginManager: Mounting plugin Paper2D
LogPluginManager: Mounting plugin EnvironmentQueryEditor
LogPluginManager: Mounting plugin AISupport
LogPluginManager: Mounting plugin LightPropagationVolume
LogPluginManager: Mounting plugin CameraShakePreviewer
LogPluginManager: Mounting plugin GameplayCameras
LogPluginManager: Mounting plugin AssetManagerEditor
LogPluginManager: Mounting plugin OodleNetwork
LogPluginManager: Mounting plugin OodleData
LogPluginManager: Mounting plugin CryptoKeys
LogPluginManager: Mounting plugin CurveEditorTools
LogPluginManager: Mounting plugin DataValidation
LogPluginManager: Mounting plugin FacialAnimation
LogPluginManager: Mounting plugin GameplayTagsEditor
LogPluginManager: Mounting plugin GeometryMode
LogPluginManager: Mounting plugin MacGraphicsSwitching
LogPluginManager: Mounting plugin AnimationSharing
LogPluginManager: Mounting plugin MaterialAnalyzer
LogPluginManager: Mounting plugin MobileLauncherProfileWizard
LogPluginManager: Mounting plugin PluginBrowser
LogPluginManager: Mounting plugin SpeedTreeImporter
LogPluginManager: Mounting plugin CLionSourceCodeAccess
LogPluginManager: Mounting plugin CodeLiteSourceCodeAccess
LogPluginManager: Mounting plugin GitSourceControl
LogPluginManager: Mounting plugin KDevelopSourceCodeAccess
LogPluginManager: Mounting plugin NullSourceCodeAccess
LogPluginManager: Mounting plugin PerforceSourceControl
LogPluginManager: Mounting plugin PixWinPlugin
LogPluginManager: Mounting plugin PlasticSourceControl
LogPluginManager: Mounting plugin PropertyAccessNode
LogPluginManager: Mounting plugin PluginUtils
LogPluginManager: Mounting plugin RiderSourceCodeAccess
LogPluginManager: Mounting plugin SubversionSourceControl
LogPluginManager: Mounting plugin TextureFormatOodle
LogPluginManager: Mounting plugin UObjectPlugin
LogPluginManager: Mounting plugin VisualStudioCodeSourceCodeAccess
LogPluginManager: Mounting plugin XCodeSourceCodeAccess
LogPluginManager: Mounting plugin VisualStudioSourceCodeAccess
LogPluginManager: Mounting plugin DatasmithContent
LogPluginManager: Mounting plugin AlembicImporter
LogPluginManager: Mounting plugin VariantManagerContent
LogPluginManager: Mounting plugin Niagara
LogPluginManager: Mounting plugin AutomationUtils
LogPluginManager: Mounting plugin BackChannel
LogPluginManager: Mounting plugin ChaosCloth
LogPluginManager: Mounting plugin ChaosClothEditor
LogPluginManager: Mounting plugin ChaosEditor
LogPluginManager: Mounting plugin ChaosSolverPlugin
LogPluginManager: Mounting plugin ChaosNiagara
LogPluginManager: Mounting plugin CharacterAI
LogPluginManager: Mounting plugin GeometryCache
LogPluginManager: Mounting plugin GeometryProcessing
LogPluginManager: Mounting plugin GeometryCollectionPlugin
LogPluginManager: Mounting plugin MotoSynth
LogPluginManager: Mounting plugin OpenImageDenoise
LogPluginManager: Mounting plugin PlanarCut
LogPluginManager: Mounting plugin PlatformCrypto
LogPluginManager: Mounting plugin ProxyLODPlugin
LogPluginManager: Mounting plugin PythonScriptPlugin
LogPluginManager: Mounting plugin SkeletalReduction
LogPluginManager: Mounting plugin LuminPlatformFeatures
LogPluginManager: Mounting plugin MagicLeap
LogPluginManager: Mounting plugin MagicLeapMedia
LogPluginManager: Mounting plugin MagicLeapLightEstimation
LogPluginManager: Mounting plugin MagicLeapPassableWorld
LogPluginManager: Mounting plugin AGRPRO
LogPluginManager: Mounting plugin MLSDK
LogPluginManager: Mounting plugin AndroidMedia
LogPluginManager: Mounting plugin AvfMedia
LogPluginManager: Mounting plugin ImgMedia
LogPluginManager: Mounting plugin MediaCompositing
LogPluginManager: Mounting plugin MediaPlayerEditor
LogPluginManager: Mounting plugin WebMMedia
LogPluginManager: Mounting plugin WmfMedia
LogPluginManager: Mounting plugin TcpMessaging
LogPluginManager: Mounting plugin ActorSequence
LogPluginManager: Mounting plugin UdpMessaging
LogPluginManager: Mounting plugin LevelSequenceEditor
LogPluginManager: Mounting plugin MatineeToLevelSequence
LogPluginManager: Mounting plugin TemplateSequence
LogPluginManager: Mounting plugin OnlineSubsystem
LogPluginManager: Mounting plugin LauncherChunkInstaller
LogPluginManager: Mounting plugin ActorLayerUtilities
LogPluginManager: Mounting plugin OnlineSubsystemNull
LogPluginManager: Mounting plugin OnlineSubsystemUtils
LogPluginManager: Mounting plugin AndroidDeviceProfileSelector
LogPluginManager: Mounting plugin AndroidMoviePlayer
LogPluginManager: Mounting plugin AndroidPermission
LogPluginManager: Mounting plugin AppleImageUtils
LogPluginManager: Mounting plugin AppleMoviePlayer
LogPluginManager: Mounting plugin ArchVisCharacter
LogPluginManager: Mounting plugin AssetTags
LogPluginManager: Mounting plugin AudioCapture
LogPluginManager: Mounting plugin AudioSynesthesia
LogPluginManager: Mounting plugin CableComponent
LogPluginManager: Mounting plugin ChunkDownloader
LogPluginManager: Mounting plugin CustomMeshComponent
LogPluginManager: Mounting plugin EditableMesh
LogPluginManager: Mounting plugin ExampleDeviceProfileSelector
LogPluginManager: Mounting plugin GoogleCloudMessaging
LogPluginManager: Mounting plugin GooglePAD
LogPluginManager: Mounting plugin IOSDeviceProfileSelector
LogPluginManager: Mounting plugin LinuxDeviceProfileSelector
LogPluginManager: Mounting plugin LocationServicesBPLibrary
LogPluginManager: Mounting plugin MobilePatchingUtils
LogPluginManager: Mounting plugin OpenXREyeTracker
LogPluginManager: Mounting plugin OpenXR
LogPluginManager: Mounting plugin OpenXRHandTracking
LogPluginManager: Mounting plugin PhysXVehicles
LogPluginManager: Mounting plugin PostSplashScreen
LogPluginManager: Mounting plugin PropertyAccessEditor
LogPluginManager: Mounting plugin ProceduralMeshComponent
LogPluginManager: Mounting plugin RuntimePhysXCooking
LogPluginManager: Mounting plugin SignificanceManager
LogPluginManager: Mounting plugin SoundFields
LogPluginManager: Mounting plugin Synthesis
LogPluginManager: Mounting plugin WebMMoviePlayer
LogPluginManager: Mounting plugin WindowsMoviePlayer
LogPluginManager: Mounting plugin ScreenshotTools
LogPluginManager: Mounting plugin Takes
LogPluginManager: Mounting plugin LiveLink
LogPluginManager: Mounting plugin ContentBrowserFileDataSource
LogPluginManager: Mounting plugin ContentBrowserAssetDataSource
LogPluginManager: Mounting plugin ContentBrowserClassDataSource
LogPluginManager: Mounting plugin OnlineSubsystemGooglePlay
LogPluginManager: Mounting plugin OnlineSubsystemIOS
LogPluginManager: Mounting plugin OculusVR
LogPluginManager: Mounting plugin SteamVR
PixWinPlugin: PIX capture plugin failed to initialize! Check that the process is launched from PIX.
LogInit: Using libcurl 7.55.1-DEV
LogInit:  - built for x86_64-pc-win32
LogInit:  - supports SSL with OpenSSL/1.1.1
LogInit:  - supports HTTP deflate (compression) using libz 1.2.8
LogInit:  - other features:
LogInit:      CURL_VERSION_SSL
LogInit:      CURL_VERSION_LIBZ
LogInit:      CURL_VERSION_IPV6
LogInit:      CURL_VERSION_ASYNCHDNS
LogInit:      CURL_VERSION_LARGEFILE
LogInit:      CURL_VERSION_IDN
LogInit:  CurlRequestOptions (configurable via config and command line):
LogInit:  - bVerifyPeer = true  - Libcurl will verify peer certificate
LogInit:  - bUseHttpProxy = false  - Libcurl will NOT use HTTP proxy
LogInit:  - bDontReuseConnections = false  - Libcurl will reuse connections
LogInit:  - MaxHostConnections = 16  - Libcurl will limit the number of connections to a host
LogInit:  - LocalHostAddr = Default
LogInit:  - BufferSize = 65536
LogOnline: OSS: Creating online subsystem instance for: NULL
LogInit: WinSock: version 1.1 (2.2), MaxSocks=32767, MaxUdp=65467
LogOnline: OSS: TryLoadSubsystemAndSetDefault: Loaded subsystem for module [NULL]
LogOculusPluginWrapper: OculusPlugin initialized successfully
LogHMD: Failed initializing OVRPlugin 1.59.0
LogInit: Build: ++UE4+Release-4.27-CL-18319896
LogInit: Engine Version: 4.27.2-18319896+++UE4+Release-4.27
LogInit: Compatible Engine Version: 4.27.0-17155196+++UE4+Release-4.27
LogInit: Net CL: 17155196
LogInit: OS: Windows 10 (Release 2009) (), CPU: AMD Ryzen 7 5800X 8-Core Processor             , GPU: NVIDIA GeForce GTX 1060 6GB
LogInit: Compiled (64-bit): Nov 30 2021 07:12:08
LogInit: Compiled with Visual C++: 19.24.28315.00
LogInit: Build Configuration: Development
LogInit: Branch Name: ++UE4+Release-4.27
LogInit: Command Line: 
LogInit: Base Directory: D:/Program Files/Epic Games/UE_4.27/Engine/Binaries/Win64/
LogInit: Allocator: TBB
LogInit: Installed Engine Build: 1
LogDevObjectVersion: Number of dev versions registered: 29
LogDevObjectVersion:   Dev-Blueprints (B0D832E4-1F89-4F0D-ACCF-7EB736FD4AA2): 10
LogDevObjectVersion:   Dev-Build (E1C64328-A22C-4D53-A36C-8E866417BD8C): 0
LogDevObjectVersion:   Dev-Core (375EC13C-06E4-48FB-B500-84F0262A717E): 4
LogDevObjectVersion:   Dev-Editor (E4B068ED-F494-42E9-A231-DA0B2E46BB41): 40
LogDevObjectVersion:   Dev-Framework (CFFC743F-43B0-4480-9391-14DF171D2073): 37
LogDevObjectVersion:   Dev-Mobile (B02B49B5-BB20-44E9-A304-32B752E40360): 3
LogDevObjectVersion:   Dev-Networking (A4E4105C-59A1-49B5-A7C5-40C4547EDFEE): 0
LogDevObjectVersion:   Dev-Online (39C831C9-5AE6-47DC-9A44-9C173E1C8E7C): 0
LogDevObjectVersion:   Dev-Physics (78F01B33-EBEA-4F98-B9B4-84EACCB95AA2): 14
LogDevObjectVersion:   Dev-Platform (6631380F-2D4D-43E0-8009-CF276956A95A): 0
LogDevObjectVersion:   Dev-Rendering (12F88B9F-8875-4AFC-A67C-D90C383ABD29): 45
LogDevObjectVersion:   Dev-Sequencer (7B5AE74C-D270-4C10-A958-57980B212A5A): 13
LogDevObjectVersion:   Dev-VR (D7296918-1DD6-4BDD-9DE2-64A83CC13884): 3
LogDevObjectVersion:   Dev-LoadTimes (C2A15278-BFE7-4AFE-6C17-90FF531DF755): 1
LogDevObjectVersion:   Private-Geometry (6EACA3D4-40EC-4CC1-B786-8BED09428FC5): 3
LogDevObjectVersion:   Dev-AnimPhys (29E575DD-E0A3-4627-9D10-D276232CDCEA): 17
LogDevObjectVersion:   Dev-Anim (AF43A65D-7FD3-4947-9873-3E8ED9C1BB05): 15
LogDevObjectVersion:   Dev-ReflectionCapture (6B266CEC-1EC7-4B8F-A30B-E4D90942FC07): 1
LogDevObjectVersion:   Dev-Automation (0DF73D61-A23F-47EA-B727-89E90C41499A): 1
LogDevObjectVersion:   FortniteMain (601D1886-AC64-4F84-AA16-D3DE0DEAC7D6): 47
LogDevObjectVersion:   FortniteRelease (E7086368-6B23-4C58-8439-1B7016265E91): 1
LogDevObjectVersion:   Dev-Enterprise (9DFFBCD6-494F-0158-E221-12823C92A888): 10
LogDevObjectVersion:   Dev-Niagara (F2AED0AC-9AFE-416F-8664-AA7FFA26D6FC): 1
LogDevObjectVersion:   Dev-Destruction (174F1F0B-B4C6-45A5-B13F-2EE8D0FB917D): 10
LogDevObjectVersion:   Dev-Physics-Ext (35F94A83-E258-406C-A318-09F59610247C): 41
LogDevObjectVersion:   Dev-PhysicsMaterial-Chaos (B68FC16E-8B1B-42E2-B453-215C058844FE): 1
LogDevObjectVersion:   Dev-CineCamera (B2E18506-4273-CFC2-A54E-F4BB758BBA07): 1
LogDevObjectVersion:   Dev-VirtualProduction (64F58936-FD1B-42BA-BA96-7289D5D0FA4E): 1
LogDevObjectVersion:   Dev-MediaFramework (6F0ED827-A609-4895-9C91-998D90180EA4): 2
LogInit: Presizing for max 25165824 objects, including 0 objects not considered by GC, pre-allocating 0 bytes for permanent pool.
LogConfig: Applying CVar settings from Section [/Script/Engine.StreamingSettings] File [F:/UEProjects/meihuaK/Saved/Config/Windows/Engine.ini]
LogConfig: Setting CVar [[s.MinBulkDataSizeForAsyncLoading:131072]]
LogConfig: Setting CVar [[s.AsyncLoadingThreadEnabled:0]]
LogConfig: Setting CVar [[s.EventDrivenLoaderEnabled:1]]
LogConfig: Setting CVar [[s.WarnIfTimeLimitExceeded:0]]
LogConfig: Setting CVar [[s.TimeLimitExceededMultiplier:1.5]]
LogConfig: Setting CVar [[s.TimeLimitExceededMinTime:0.005]]
LogConfig: Setting CVar [[s.UseBackgroundLevelStreaming:1]]
LogConfig: Setting CVar [[s.PriorityAsyncLoadingExtraTime:15.0]]
LogConfig: Setting CVar [[s.LevelStreamingActorsUpdateTimeLimit:5.0]]
LogConfig: Setting CVar [[s.PriorityLevelStreamingActorsUpdateExtraTime:5.0]]
LogConfig: Setting CVar [[s.LevelStreamingComponentsRegistrationGranularity:10]]
LogConfig: Setting CVar [[s.UnregisterComponentsTimeLimit:1.0]]
LogConfig: Setting CVar [[s.LevelStreamingComponentsUnregistrationGranularity:5]]
LogConfig: Setting CVar [[s.FlushStreamingOnExit:1]]
LogInit: Object subsystem initialized
LogConfig: Setting CVar [[con.DebugEarlyDefault:1]]
LogConfig: Setting CVar [[r.setres:1280x720]]
[2023.05.06-16.07.46:508][  0]LogConfig: Setting CVar [[r.VSync:0]]
[2023.05.06-16.07.46:508][  0]LogConfig: Setting CVar [[r.RHICmdBypass:0]]
[2023.05.06-16.07.46:508][  0]LogConfig: Applying CVar settings from Section [/Script/Engine.RendererSettings] File [F:/UEProjects/meihuaK/Saved/Config/Windows/Engine.ini]
[2023.05.06-16.07.46:508][  0]LogConfig: Setting CVar [[r.GPUCrashDebugging:0]]
[2023.05.06-16.07.46:509][  0]LogConfig: Applying CVar settings from Section [/Script/Engine.RendererOverrideSettings] File [F:/UEProjects/meihuaK/Saved/Config/Windows/Engine.ini]
[2023.05.06-16.07.46:509][  0]LogConfig: Applying CVar settings from Section [/Script/Engine.StreamingSettings] File [F:/UEProjects/meihuaK/Saved/Config/Windows/Engine.ini]
[2023.05.06-16.07.46:509][  0]LogConfig: Setting CVar [[s.MinBulkDataSizeForAsyncLoading:131072]]
[2023.05.06-16.07.46:509][  0]LogConfig: Setting CVar [[s.AsyncLoadingThreadEnabled:0]]
[2023.05.06-16.07.46:509][  0]LogConfig: Setting CVar [[s.EventDrivenLoaderEnabled:1]]
[2023.05.06-16.07.46:509][  0]LogConfig: Setting CVar [[s.WarnIfTimeLimitExceeded:0]]
[2023.05.06-16.07.46:509][  0]LogConfig: Setting CVar [[s.TimeLimitExceededMultiplier:1.5]]
[2023.05.06-16.07.46:509][  0]LogConfig: Setting CVar [[s.TimeLimitExceededMinTime:0.005]]
[2023.05.06-16.07.46:509][  0]LogConfig: Setting CVar [[s.UseBackgroundLevelStreaming:1]]
[2023.05.06-16.07.46:509][  0]LogConfig: Setting CVar [[s.PriorityAsyncLoadingExtraTime:15.0]]
[2023.05.06-16.07.46:509][  0]LogConfig: Setting CVar [[s.LevelStreamingActorsUpdateTimeLimit:5.0]]
[2023.05.06-16.07.46:509][  0]LogConfig: Setting CVar [[s.PriorityLevelStreamingActorsUpdateExtraTime:5.0]]
[2023.05.06-16.07.46:509][  0]LogConfig: Setting CVar [[s.LevelStreamingComponentsRegistrationGranularity:10]]
[2023.05.06-16.07.46:509][  0]LogConfig: Setting CVar [[s.UnregisterComponentsTimeLimit:1.0]]
[2023.05.06-16.07.46:509][  0]LogConfig: Setting CVar [[s.LevelStreamingComponentsUnregistrationGranularity:5]]
[2023.05.06-16.07.46:509][  0]LogConfig: Setting CVar [[s.FlushStreamingOnExit:1]]
[2023.05.06-16.07.46:509][  0]LogConfig: Applying CVar settings from Section [/Script/Engine.GarbageCollectionSettings] File [F:/UEProjects/meihuaK/Saved/Config/Windows/Engine.ini]
[2023.05.06-16.07.46:509][  0]LogConfig: Setting CVar [[gc.MaxObjectsNotConsideredByGC:1]]
[2023.05.06-16.07.46:509][  0]LogConfig: Setting CVar [[gc.SizeOfPermanentObjectPool:0]]
[2023.05.06-16.07.46:509][  0]LogConfig: Setting CVar [[gc.FlushStreamingOnGC:0]]
[2023.05.06-16.07.46:509][  0]LogConfig: Setting CVar [[gc.NumRetriesBeforeForcingGC:10]]
[2023.05.06-16.07.46:509][  0]LogConfig: Setting CVar [[gc.AllowParallelGC:1]]
[2023.05.06-16.07.46:509][  0]LogConfig: Setting CVar [[gc.TimeBetweenPurgingPendingKillObjects:61.1]]
[2023.05.06-16.07.46:509][  0]LogConfig: Setting CVar [[gc.MaxObjectsInEditor:25165824]]
[2023.05.06-16.07.46:509][  0]LogConfig: Setting CVar [[gc.IncrementalBeginDestroyEnabled:1]]
[2023.05.06-16.07.46:509][  0]LogConfig: Setting CVar [[gc.CreateGCClusters:1]]
[2023.05.06-16.07.46:509][  0]LogConfig: Setting CVar [[gc.MinGCClusterSize:5]]
[2023.05.06-16.07.46:509][  0]LogConfig: Setting CVar [[gc.ActorClusteringEnabled:0]]
[2023.05.06-16.07.46:509][  0]LogConfig: Setting CVar [[gc.BlueprintClusteringEnabled:0]]
[2023.05.06-16.07.46:509][  0]LogConfig: Setting CVar [[gc.UseDisregardForGCOnDedicatedServers:0]]
[2023.05.06-16.07.46:509][  0]LogConfig: Setting CVar [[gc.MultithreadedDestructionEnabled:1]]
[2023.05.06-16.07.46:509][  0]LogConfig: Applying CVar settings from Section [/Script/Engine.NetworkSettings] File [F:/UEProjects/meihuaK/Saved/Config/Windows/Engine.ini]
[2023.05.06-16.07.46:509][  0]LogConfig: Applying CVar settings from Section [/Script/UnrealEd.CookerSettings] File [F:/UEProjects/meihuaK/Saved/Config/Windows/Engine.ini]
[2023.05.06-16.07.46:520][  0]LogConfig: Applying CVar settings from Section [ViewDistanceQuality@3] File [F:/UEProjects/meihuaK/Saved/Config/Windows/Scalability.ini]
[2023.05.06-16.07.46:520][  0]LogConfig: Setting CVar [[r.SkeletalMeshLODBias:0]]
[2023.05.06-16.07.46:520][  0]LogConfig: Setting CVar [[r.ViewDistanceScale:1.0]]
[2023.05.06-16.07.46:520][  0]LogConfig: Applying CVar settings from Section [AntiAliasingQuality@3] File [F:/UEProjects/meihuaK/Saved/Config/Windows/Scalability.ini]
[2023.05.06-16.07.46:520][  0]LogConfig: Setting CVar [[r.PostProcessAAQuality:4]]
[2023.05.06-16.07.46:520][  0]LogConfig: Applying CVar settings from Section [ShadowQuality@3] File [F:/UEProjects/meihuaK/Saved/Config/Windows/Scalability.ini]
[2023.05.06-16.07.46:520][  0]LogConfig: Setting CVar [[r.LightFunctionQuality:1]]
[2023.05.06-16.07.46:520][  0]LogConfig: Setting CVar [[r.ShadowQuality:5]]
[2023.05.06-16.07.46:520][  0]LogConfig: Setting CVar [[r.Shadow.CSM.MaxCascades:10]]
[2023.05.06-16.07.46:520][  0]LogConfig: Setting CVar [[r.Shadow.MaxResolution:2048]]
[2023.05.06-16.07.46:520][  0]LogConfig: Setting CVar [[r.Shadow.MaxCSMResolution:2048]]
[2023.05.06-16.07.46:520][  0]LogConfig: Setting CVar [[r.Shadow.RadiusThreshold:0.01]]
[2023.05.06-16.07.46:520][  0]LogConfig: Setting CVar [[r.Shadow.DistanceScale:1.0]]
[2023.05.06-16.07.46:520][  0]LogConfig: Setting CVar [[r.Shadow.CSM.TransitionScale:1.0]]
[2023.05.06-16.07.46:520][  0]LogConfig: Setting CVar [[r.Shadow.PreShadowResolutionFactor:1.0]]
[2023.05.06-16.07.46:520][  0]LogConfig: Setting CVar [[r.DistanceFieldShadowing:1]]
[2023.05.06-16.07.46:520][  0]LogConfig: Setting CVar [[r.DistanceFieldAO:1]]
[2023.05.06-16.07.46:520][  0]LogConfig: Setting CVar [[r.AOQuality:2]]
[2023.05.06-16.07.46:520][  0]LogConfig: Setting CVar [[r.VolumetricFog:1]]
[2023.05.06-16.07.46:520][  0]LogConfig: Setting CVar [[r.VolumetricFog.GridPixelSize:8]]
[2023.05.06-16.07.46:520][  0]LogConfig: Setting CVar [[r.VolumetricFog.GridSizeZ:128]]
[2023.05.06-16.07.46:520][  0]LogConfig: Setting CVar [[r.VolumetricFog.HistoryMissSupersampleCount:4]]
[2023.05.06-16.07.46:520][  0]LogConfig: Setting CVar [[r.LightMaxDrawDistanceScale:1]]
[2023.05.06-16.07.46:520][  0]LogConfig: Setting CVar [[r.CapsuleShadows:1]]
[2023.05.06-16.07.46:520][  0]LogConfig: Applying CVar settings from Section [PostProcessQuality@3] File [F:/UEProjects/meihuaK/Saved/Config/Windows/Scalability.ini]
[2023.05.06-16.07.46:520][  0]LogConfig: Setting CVar [[r.MotionBlurQuality:4]]
[2023.05.06-16.07.46:520][  0]LogConfig: Setting CVar [[r.AmbientOcclusionMipLevelFactor:0.4]]
[2023.05.06-16.07.46:520][  0]LogConfig: Setting CVar [[r.AmbientOcclusionMaxQuality:100]]
[2023.05.06-16.07.46:520][  0]LogConfig: Setting CVar [[r.AmbientOcclusionLevels:-1]]
[2023.05.06-16.07.46:520][  0]LogConfig: Setting CVar [[r.AmbientOcclusionRadiusScale:1.0]]
[2023.05.06-16.07.46:520][  0]LogConfig: Setting CVar [[r.DepthOfFieldQuality:2]]
[2023.05.06-16.07.46:520][  0]LogConfig: Setting CVar [[r.RenderTargetPoolMin:400]]
[2023.05.06-16.07.46:520][  0]LogConfig: Setting CVar [[r.LensFlareQuality:2]]
[2023.05.06-16.07.46:520][  0]LogConfig: Setting CVar [[r.SceneColorFringeQuality:1]]
[2023.05.06-16.07.46:520][  0]LogConfig: Setting CVar [[r.EyeAdaptationQuality:2]]
[2023.05.06-16.07.46:520][  0]LogConfig: Setting CVar [[r.BloomQuality:5]]
[2023.05.06-16.07.46:520][  0]LogConfig: Setting CVar [[r.FastBlurThreshold:100]]
[2023.05.06-16.07.46:520][  0]LogConfig: Setting CVar [[r.Upscale.Quality:3]]
[2023.05.06-16.07.46:520][  0]LogConfig: Setting CVar [[r.Tonemapper.GrainQuantization:1]]
[2023.05.06-16.07.46:520][  0]LogConfig: Setting CVar [[r.LightShaftQuality:1]]
[2023.05.06-16.07.46:520][  0]LogConfig: Setting CVar [[r.Filter.SizeScale:1]]
[2023.05.06-16.07.46:520][  0]LogConfig: Setting CVar [[r.Tonemapper.Quality:5]]
[2023.05.06-16.07.46:520][  0]LogConfig: Setting CVar [[r.DOF.Gather.AccumulatorQuality:1        ; higher gathering accumulator quality]]
[2023.05.06-16.07.46:520][  0]LogConfig: Setting CVar [[r.DOF.Gather.PostfilterMethod:1          ; Median3x3 postfilering method]]
[2023.05.06-16.07.46:520][  0]LogConfig: Setting CVar [[r.DOF.Gather.EnableBokehSettings:0       ; no bokeh simulation when gathering]]
[2023.05.06-16.07.46:520][  0]LogConfig: Setting CVar [[r.DOF.Gather.RingCount:4                 ; medium number of samples when gathering]]
[2023.05.06-16.07.46:520][  0]LogConfig: Setting CVar [[r.DOF.Scatter.ForegroundCompositing:1    ; additive foreground scattering]]
[2023.05.06-16.07.46:520][  0]LogConfig: Setting CVar [[r.DOF.Scatter.BackgroundCompositing:2    ; additive background scattering]]
[2023.05.06-16.07.46:520][  0]LogConfig: Setting CVar [[r.DOF.Scatter.EnableBokehSettings:1      ; bokeh simulation when scattering]]
[2023.05.06-16.07.46:520][  0]LogConfig: Setting CVar [[r.DOF.Scatter.MaxSpriteRatio:0.1         ; only a maximum of 10% of scattered bokeh]]
[2023.05.06-16.07.46:520][  0]LogConfig: Setting CVar [[r.DOF.Recombine.Quality:1                ; cheap slight out of focus]]
[2023.05.06-16.07.46:520][  0]LogConfig: Setting CVar [[r.DOF.Recombine.EnableBokehSettings:0    ; no bokeh simulation on slight out of focus]]
[2023.05.06-16.07.46:520][  0]LogConfig: Setting CVar [[r.DOF.TemporalAAQuality:1                ; more stable temporal accumulation]]
[2023.05.06-16.07.46:520][  0]LogConfig: Setting CVar [[r.DOF.Kernel.MaxForegroundRadius:0.025]]
[2023.05.06-16.07.46:520][  0]LogConfig: Setting CVar [[r.DOF.Kernel.MaxBackgroundRadius:0.025]]
[2023.05.06-16.07.46:520][  0]LogConfig: Applying CVar settings from Section [TextureQuality@3] File [F:/UEProjects/meihuaK/Saved/Config/Windows/Scalability.ini]
[2023.05.06-16.07.46:520][  0]LogConfig: Setting CVar [[r.Streaming.MipBias:0]]
[2023.05.06-16.07.46:520][  0]LogConfig: Setting CVar [[r.Streaming.AmortizeCPUToGPUCopy:0]]
[2023.05.06-16.07.46:520][  0]LogConfig: Setting CVar [[r.Streaming.MaxNumTexturesToStreamPerFrame:0]]
[2023.05.06-16.07.46:520][  0]LogConfig: Setting CVar [[r.Streaming.Boost:1]]
[2023.05.06-16.07.46:520][  0]LogConfig: Setting CVar [[r.MaxAnisotropy:8]]
[2023.05.06-16.07.46:520][  0]LogConfig: Setting CVar [[r.VT.MaxAnisotropy:8]]
[2023.05.06-16.07.46:520][  0]LogConfig: Setting CVar [[r.Streaming.LimitPoolSizeToVRAM:0]]
[2023.05.06-16.07.46:520][  0]LogConfig: Setting CVar [[r.Streaming.PoolSize:1000]]
[2023.05.06-16.07.46:520][  0]LogConfig: Setting CVar [[r.Streaming.MaxEffectiveScreenSize:0]]
[2023.05.06-16.07.46:520][  0]LogConfig: Applying CVar settings from Section [EffectsQuality@3] File [F:/UEProjects/meihuaK/Saved/Config/Windows/Scalability.ini]
[2023.05.06-16.07.46:520][  0]LogConfig: Setting CVar [[r.TranslucencyLightingVolumeDim:64]]
[2023.05.06-16.07.46:520][  0]LogConfig: Setting CVar [[r.RefractionQuality:2]]
[2023.05.06-16.07.46:520][  0]LogConfig: Setting CVar [[r.SSR.Quality:3]]
[2023.05.06-16.07.46:520][  0]LogConfig: Setting CVar [[r.SSR.HalfResSceneColor:0]]
[2023.05.06-16.07.46:520][  0]LogConfig: Setting CVar [[r.SceneColorFormat:4]]
[2023.05.06-16.07.46:520][  0]LogConfig: Setting CVar [[r.DetailMode:2]]
[2023.05.06-16.07.46:520][  0]LogConfig: Setting CVar [[r.TranslucencyVolumeBlur:1]]
[2023.05.06-16.07.46:520][  0]LogConfig: Setting CVar [[r.MaterialQualityLevel:1 ; High quality]]
[2023.05.06-16.07.46:520][  0]LogConfig: Setting CVar [[r.AnisotropicMaterials:1]]
[2023.05.06-16.07.46:520][  0]LogConfig: Setting CVar [[r.SSS.Scale:1]]
[2023.05.06-16.07.46:520][  0]LogConfig: Setting CVar [[r.SSS.SampleSet:2]]
[2023.05.06-16.07.46:520][  0]LogConfig: Setting CVar [[r.SSS.Quality:1]]
[2023.05.06-16.07.46:520][  0]LogConfig: Setting CVar [[r.SSS.HalfRes:0]]
[2023.05.06-16.07.46:520][  0]LogConfig: Setting CVar [[r.SSGI.Quality:3]]
[2023.05.06-16.07.46:520][  0]LogConfig: Setting CVar [[r.EmitterSpawnRateScale:1.0]]
[2023.05.06-16.07.46:520][  0]LogConfig: Setting CVar [[r.ParticleLightQuality:2]]
[2023.05.06-16.07.46:520][  0]LogConfig: Setting CVar [[r.SkyAtmosphere.AerialPerspectiveLUT.FastApplyOnOpaque:1 ; Always have FastSkyLUT 1 in this case to avoid wrong sky]]
[2023.05.06-16.07.46:520][  0]LogConfig: Setting CVar [[r.SkyAtmosphere.AerialPerspectiveLUT.SampleCountMaxPerSlice:4]]
[2023.05.06-16.07.46:520][  0]LogConfig: Setting CVar [[r.SkyAtmosphere.AerialPerspectiveLUT.DepthResolution:16.0]]
[2023.05.06-16.07.46:520][  0]LogConfig: Setting CVar [[r.SkyAtmosphere.FastSkyLUT:1]]
[2023.05.06-16.07.46:520][  0]LogConfig: Setting CVar [[r.SkyAtmosphere.FastSkyLUT.SampleCountMin:4.0]]
[2023.05.06-16.07.46:520][  0]LogConfig: Setting CVar [[r.SkyAtmosphere.FastSkyLUT.SampleCountMax:128.0]]
[2023.05.06-16.07.46:520][  0]LogConfig: Setting CVar [[r.SkyAtmosphere.SampleCountMin:4.0]]
[2023.05.06-16.07.46:520][  0]LogConfig: Setting CVar [[r.SkyAtmosphere.SampleCountMax:128.0]]
[2023.05.06-16.07.46:520][  0]LogConfig: Setting CVar [[r.SkyAtmosphere.TransmittanceLUT.UseSmallFormat:0]]
[2023.05.06-16.07.46:520][  0]LogConfig: Setting CVar [[r.SkyAtmosphere.TransmittanceLUT.SampleCount:10.0]]
[2023.05.06-16.07.46:520][  0]LogConfig: Setting CVar [[r.SkyAtmosphere.MultiScatteringLUT.SampleCount:15.0]]
[2023.05.06-16.07.46:520][  0]LogConfig: Setting CVar [[r.SkyLight.RealTimeReflectionCapture:1]]
[2023.05.06-16.07.46:520][  0]LogConfig: Applying CVar settings from Section [FoliageQuality@3] File [F:/UEProjects/meihuaK/Saved/Config/Windows/Scalability.ini]
[2023.05.06-16.07.46:520][  0]LogConfig: Setting CVar [[foliage.DensityScale:1.0]]
[2023.05.06-16.07.46:520][  0]LogConfig: Setting CVar [[grass.DensityScale:1.0]]
[2023.05.06-16.07.46:520][  0]LogConfig: Applying CVar settings from Section [ShadingQuality@3] File [F:/UEProjects/meihuaK/Saved/Config/Windows/Scalability.ini]
[2023.05.06-16.07.46:520][  0]LogConfig: Setting CVar [[r.HairStrands.SkyLighting.IntegrationType:2]]
[2023.05.06-16.07.46:520][  0]LogConfig: Setting CVar [[r.HairStrands.SkyAO.SampleCount:4]]
[2023.05.06-16.07.46:520][  0]LogConfig: Setting CVar [[r.HairStrands.Visibility.MSAA.SamplePerPixel:4]]
[2023.05.06-16.07.46:521][  0]LogInit: Selected Device Profile: [Windows]
[2023.05.06-16.07.46:521][  0]LogInit: Applying CVar settings loaded from the selected device profile: [Windows]
[2023.05.06-16.07.46:521][  0]LogHAL: Display: Platform has ~ 16 GB [17088102400 / 17179869184 / 16], which maps to Larger [LargestMinGB=32, LargerMinGB=12, DefaultMinGB=8, SmallerMinGB=6, SmallestMinGB=0)
[2023.05.06-16.07.46:522][  0]LogInit: Going up to parent DeviceProfile []
[2023.05.06-16.07.46:522][  0]LogConfig: Applying CVar settings from Section [ViewDistanceQuality@3] File [F:/UEProjects/meihuaK/Saved/Config/Windows/Scalability.ini]
[2023.05.06-16.07.46:522][  0]LogConfig: Setting CVar [[r.SkeletalMeshLODBias:0]]
[2023.05.06-16.07.46:522][  0]LogConfig: Setting CVar [[r.ViewDistanceScale:1.0]]
[2023.05.06-16.07.46:522][  0]LogConfig: Applying CVar settings from Section [AntiAliasingQuality@3] File [F:/UEProjects/meihuaK/Saved/Config/Windows/Scalability.ini]
[2023.05.06-16.07.46:522][  0]LogConfig: Setting CVar [[r.PostProcessAAQuality:4]]
[2023.05.06-16.07.46:522][  0]LogConfig: Applying CVar settings from Section [ShadowQuality@3] File [F:/UEProjects/meihuaK/Saved/Config/Windows/Scalability.ini]
[2023.05.06-16.07.46:522][  0]LogConfig: Setting CVar [[r.LightFunctionQuality:1]]
[2023.05.06-16.07.46:522][  0]LogConfig: Setting CVar [[r.ShadowQuality:5]]
[2023.05.06-16.07.46:522][  0]LogConfig: Setting CVar [[r.Shadow.CSM.MaxCascades:10]]
[2023.05.06-16.07.46:522][  0]LogConfig: Setting CVar [[r.Shadow.MaxResolution:2048]]
[2023.05.06-16.07.46:522][  0]LogConfig: Setting CVar [[r.Shadow.MaxCSMResolution:2048]]
[2023.05.06-16.07.46:522][  0]LogConfig: Setting CVar [[r.Shadow.RadiusThreshold:0.01]]
[2023.05.06-16.07.46:522][  0]LogConfig: Setting CVar [[r.Shadow.DistanceScale:1.0]]
[2023.05.06-16.07.46:522][  0]LogConfig: Setting CVar [[r.Shadow.CSM.TransitionScale:1.0]]
[2023.05.06-16.07.46:522][  0]LogConfig: Setting CVar [[r.Shadow.PreShadowResolutionFactor:1.0]]
[2023.05.06-16.07.46:522][  0]LogConfig: Setting CVar [[r.DistanceFieldShadowing:1]]
[2023.05.06-16.07.46:522][  0]LogConfig: Setting CVar [[r.DistanceFieldAO:1]]
[2023.05.06-16.07.46:522][  0]LogConfig: Setting CVar [[r.AOQuality:2]]
[2023.05.06-16.07.46:522][  0]LogConfig: Setting CVar [[r.VolumetricFog:1]]
[2023.05.06-16.07.46:522][  0]LogConfig: Setting CVar [[r.VolumetricFog.GridPixelSize:8]]
[2023.05.06-16.07.46:522][  0]LogConfig: Setting CVar [[r.VolumetricFog.GridSizeZ:128]]
[2023.05.06-16.07.46:522][  0]LogConfig: Setting CVar [[r.VolumetricFog.HistoryMissSupersampleCount:4]]
[2023.05.06-16.07.46:522][  0]LogConfig: Setting CVar [[r.LightMaxDrawDistanceScale:1]]
[2023.05.06-16.07.46:522][  0]LogConfig: Setting CVar [[r.CapsuleShadows:1]]
[2023.05.06-16.07.46:522][  0]LogConfig: Applying CVar settings from Section [PostProcessQuality@3] File [F:/UEProjects/meihuaK/Saved/Config/Windows/Scalability.ini]
[2023.05.06-16.07.46:522][  0]LogConfig: Setting CVar [[r.MotionBlurQuality:4]]
[2023.05.06-16.07.46:522][  0]LogConfig: Setting CVar [[r.AmbientOcclusionMipLevelFactor:0.4]]
[2023.05.06-16.07.46:522][  0]LogConfig: Setting CVar [[r.AmbientOcclusionMaxQuality:100]]
[2023.05.06-16.07.46:522][  0]LogConfig: Setting CVar [[r.AmbientOcclusionLevels:-1]]
[2023.05.06-16.07.46:522][  0]LogConfig: Setting CVar [[r.AmbientOcclusionRadiusScale:1.0]]
[2023.05.06-16.07.46:522][  0]LogConfig: Setting CVar [[r.DepthOfFieldQuality:2]]
[2023.05.06-16.07.46:522][  0]LogConfig: Setting CVar [[r.RenderTargetPoolMin:400]]
[2023.05.06-16.07.46:522][  0]LogConfig: Setting CVar [[r.LensFlareQuality:2]]
[2023.05.06-16.07.46:522][  0]LogConfig: Setting CVar [[r.SceneColorFringeQuality:1]]
[2023.05.06-16.07.46:522][  0]LogConfig: Setting CVar [[r.EyeAdaptationQuality:2]]
[2023.05.06-16.07.46:522][  0]LogConfig: Setting CVar [[r.BloomQuality:5]]
[2023.05.06-16.07.46:522][  0]LogConfig: Setting CVar [[r.FastBlurThreshold:100]]
[2023.05.06-16.07.46:522][  0]LogConfig: Setting CVar [[r.Upscale.Quality:3]]
[2023.05.06-16.07.46:522][  0]LogConfig: Setting CVar [[r.Tonemapper.GrainQuantization:1]]
[2023.05.06-16.07.46:522][  0]LogConfig: Setting CVar [[r.LightShaftQuality:1]]
[2023.05.06-16.07.46:522][  0]LogConfig: Setting CVar [[r.Filter.SizeScale:1]]
[2023.05.06-16.07.46:522][  0]LogConfig: Setting CVar [[r.Tonemapper.Quality:5]]
[2023.05.06-16.07.46:522][  0]LogConfig: Setting CVar [[r.DOF.Gather.AccumulatorQuality:1        ; higher gathering accumulator quality]]
[2023.05.06-16.07.46:522][  0]LogConfig: Setting CVar [[r.DOF.Gather.PostfilterMethod:1          ; Median3x3 postfilering method]]
[2023.05.06-16.07.46:522][  0]LogConfig: Setting CVar [[r.DOF.Gather.EnableBokehSettings:0       ; no bokeh simulation when gathering]]
[2023.05.06-16.07.46:522][  0]LogConfig: Setting CVar [[r.DOF.Gather.RingCount:4                 ; medium number of samples when gathering]]
[2023.05.06-16.07.46:522][  0]LogConfig: Setting CVar [[r.DOF.Scatter.ForegroundCompositing:1    ; additive foreground scattering]]
[2023.05.06-16.07.46:522][  0]LogConfig: Setting CVar [[r.DOF.Scatter.BackgroundCompositing:2    ; additive background scattering]]
[2023.05.06-16.07.46:522][  0]LogConfig: Setting CVar [[r.DOF.Scatter.EnableBokehSettings:1      ; bokeh simulation when scattering]]
[2023.05.06-16.07.46:522][  0]LogConfig: Setting CVar [[r.DOF.Scatter.MaxSpriteRatio:0.1         ; only a maximum of 10% of scattered bokeh]]
[2023.05.06-16.07.46:522][  0]LogConfig: Setting CVar [[r.DOF.Recombine.Quality:1                ; cheap slight out of focus]]
[2023.05.06-16.07.46:522][  0]LogConfig: Setting CVar [[r.DOF.Recombine.EnableBokehSettings:0    ; no bokeh simulation on slight out of focus]]
[2023.05.06-16.07.46:522][  0]LogConfig: Setting CVar [[r.DOF.TemporalAAQuality:1                ; more stable temporal accumulation]]
[2023.05.06-16.07.46:522][  0]LogConfig: Setting CVar [[r.DOF.Kernel.MaxForegroundRadius:0.025]]
[2023.05.06-16.07.46:522][  0]LogConfig: Setting CVar [[r.DOF.Kernel.MaxBackgroundRadius:0.025]]
[2023.05.06-16.07.46:522][  0]LogConfig: Applying CVar settings from Section [TextureQuality@3] File [F:/UEProjects/meihuaK/Saved/Config/Windows/Scalability.ini]
[2023.05.06-16.07.46:522][  0]LogConfig: Setting CVar [[r.Streaming.MipBias:0]]
[2023.05.06-16.07.46:522][  0]LogConfig: Setting CVar [[r.Streaming.AmortizeCPUToGPUCopy:0]]
[2023.05.06-16.07.46:522][  0]LogConfig: Setting CVar [[r.Streaming.MaxNumTexturesToStreamPerFrame:0]]
[2023.05.06-16.07.46:522][  0]LogConfig: Setting CVar [[r.Streaming.Boost:1]]
[2023.05.06-16.07.46:522][  0]LogConfig: Setting CVar [[r.MaxAnisotropy:8]]
[2023.05.06-16.07.46:522][  0]LogConfig: Setting CVar [[r.VT.MaxAnisotropy:8]]
[2023.05.06-16.07.46:522][  0]LogConfig: Setting CVar [[r.Streaming.LimitPoolSizeToVRAM:0]]
[2023.05.06-16.07.46:522][  0]LogConfig: Setting CVar [[r.Streaming.PoolSize:1000]]
[2023.05.06-16.07.46:522][  0]LogConfig: Setting CVar [[r.Streaming.MaxEffectiveScreenSize:0]]
[2023.05.06-16.07.46:522][  0]LogConfig: Applying CVar settings from Section [EffectsQuality@3] File [F:/UEProjects/meihuaK/Saved/Config/Windows/Scalability.ini]
[2023.05.06-16.07.46:522][  0]LogConfig: Setting CVar [[r.TranslucencyLightingVolumeDim:64]]
[2023.05.06-16.07.46:522][  0]LogConfig: Setting CVar [[r.RefractionQuality:2]]
[2023.05.06-16.07.46:522][  0]LogConfig: Setting CVar [[r.SSR.Quality:3]]
[2023.05.06-16.07.46:522][  0]LogConfig: Setting CVar [[r.SSR.HalfResSceneColor:0]]
[2023.05.06-16.07.46:522][  0]LogConfig: Setting CVar [[r.SceneColorFormat:4]]
[2023.05.06-16.07.46:522][  0]LogConfig: Setting CVar [[r.DetailMode:2]]
[2023.05.06-16.07.46:522][  0]LogConfig: Setting CVar [[r.TranslucencyVolumeBlur:1]]
[2023.05.06-16.07.46:522][  0]LogConfig: Setting CVar [[r.MaterialQualityLevel:1 ; High quality]]
[2023.05.06-16.07.46:522][  0]LogConfig: Setting CVar [[r.AnisotropicMaterials:1]]
[2023.05.06-16.07.46:522][  0]LogConfig: Setting CVar [[r.SSS.Scale:1]]
[2023.05.06-16.07.46:522][  0]LogConfig: Setting CVar [[r.SSS.SampleSet:2]]
[2023.05.06-16.07.46:522][  0]LogConfig: Setting CVar [[r.SSS.Quality:1]]
[2023.05.06-16.07.46:522][  0]LogConfig: Setting CVar [[r.SSS.HalfRes:0]]
[2023.05.06-16.07.46:522][  0]LogConfig: Setting CVar [[r.SSGI.Quality:3]]
[2023.05.06-16.07.46:522][  0]LogConfig: Setting CVar [[r.EmitterSpawnRateScale:1.0]]
[2023.05.06-16.07.46:522][  0]LogConfig: Setting CVar [[r.ParticleLightQuality:2]]
[2023.05.06-16.07.46:522][  0]LogConfig: Setting CVar [[r.SkyAtmosphere.AerialPerspectiveLUT.FastApplyOnOpaque:1 ; Always have FastSkyLUT 1 in this case to avoid wrong sky]]
[2023.05.06-16.07.46:522][  0]LogConfig: Setting CVar [[r.SkyAtmosphere.AerialPerspectiveLUT.SampleCountMaxPerSlice:4]]
[2023.05.06-16.07.46:522][  0]LogConfig: Setting CVar [[r.SkyAtmosphere.AerialPerspectiveLUT.DepthResolution:16.0]]
[2023.05.06-16.07.46:522][  0]LogConfig: Setting CVar [[r.SkyAtmosphere.FastSkyLUT:1]]
[2023.05.06-16.07.46:522][  0]LogConfig: Setting CVar [[r.SkyAtmosphere.FastSkyLUT.SampleCountMin:4.0]]
[2023.05.06-16.07.46:522][  0]LogConfig: Setting CVar [[r.SkyAtmosphere.FastSkyLUT.SampleCountMax:128.0]]
[2023.05.06-16.07.46:523][  0]LogConfig: Setting CVar [[r.SkyAtmosphere.SampleCountMin:4.0]]
[2023.05.06-16.07.46:523][  0]LogConfig: Setting CVar [[r.SkyAtmosphere.SampleCountMax:128.0]]
[2023.05.06-16.07.46:523][  0]LogConfig: Setting CVar [[r.SkyAtmosphere.TransmittanceLUT.UseSmallFormat:0]]
[2023.05.06-16.07.46:523][  0]LogConfig: Setting CVar [[r.SkyAtmosphere.TransmittanceLUT.SampleCount:10.0]]
[2023.05.06-16.07.46:523][  0]LogConfig: Setting CVar [[r.SkyAtmosphere.MultiScatteringLUT.SampleCount:15.0]]
[2023.05.06-16.07.46:523][  0]LogConfig: Setting CVar [[r.SkyLight.RealTimeReflectionCapture:1]]
[2023.05.06-16.07.46:523][  0]LogConfig: Applying CVar settings from Section [FoliageQuality@3] File [F:/UEProjects/meihuaK/Saved/Config/Windows/Scalability.ini]
[2023.05.06-16.07.46:523][  0]LogConfig: Setting CVar [[foliage.DensityScale:1.0]]
[2023.05.06-16.07.46:523][  0]LogConfig: Setting CVar [[grass.DensityScale:1.0]]
[2023.05.06-16.07.46:523][  0]LogConfig: Applying CVar settings from Section [ShadingQuality@3] File [F:/UEProjects/meihuaK/Saved/Config/Windows/Scalability.ini]
[2023.05.06-16.07.46:523][  0]LogConfig: Setting CVar [[r.HairStrands.SkyLighting.IntegrationType:2]]
[2023.05.06-16.07.46:523][  0]LogConfig: Setting CVar [[r.HairStrands.SkyAO.SampleCount:4]]
[2023.05.06-16.07.46:523][  0]LogConfig: Setting CVar [[r.HairStrands.Visibility.MSAA.SamplePerPixel:4]]
[2023.05.06-16.07.46:523][  0]LogConfig: Applying CVar settings from Section [Startup] File [../../../Engine/Config/ConsoleVariables.ini]
[2023.05.06-16.07.46:527][  0]LogConfig: Setting CVar [[net.UseAdaptiveNetUpdateFrequency:0]]
[2023.05.06-16.07.46:527][  0]LogConfig: Setting CVar [[p.chaos.AllowCreatePhysxBodies:1]]
[2023.05.06-16.07.46:527][  0]LogConfig: Setting CVar [[fx.SkipVectorVMBackendOptimizations:1]]
[2023.05.06-16.07.46:527][  0]LogConfig: Applying CVar settings from Section [ConsoleVariables] File [F:/UEProjects/meihuaK/Saved/Config/Windows/Engine.ini]
[2023.05.06-16.07.46:527][  0]LogConfig: Applying CVar settings from Section [ConsoleVariables] File [F:/UEProjects/meihuaK/Saved/Config/Windows/Editor.ini]
[2023.05.06-16.07.46:528][  0]LogInit: Computer: DESKTOP-81VAJOU
[2023.05.06-16.07.46:528][  0]LogInit: User: achonor
[2023.05.06-16.07.46:528][  0]LogInit: CPU Page size=4096, Cores=8
[2023.05.06-16.07.46:528][  0]LogInit: High frequency timer resolution =10.000000 MHz
[2023.05.06-16.07.46:528][  0]LogMemory: Memory total: Physical=15.9GB (16GB approx)
[2023.05.06-16.07.46:528][  0]LogMemory: Platform Memory Stats for Windows
[2023.05.06-16.07.46:528][  0]LogMemory: Process Physical Memory: 147.05 MB used, 147.05 MB peak
[2023.05.06-16.07.46:528][  0]LogMemory: Process Virtual Memory: 130.06 MB used, 130.06 MB peak
[2023.05.06-16.07.46:528][  0]LogMemory: Physical Memory: 9018.25 MB used,  7278.23 MB free, 16296.48 MB total
[2023.05.06-16.07.46:528][  0]LogMemory: Virtual Memory: 134213992.00 MB used,  3734.46 MB free, 134217728.00 MB total
[2023.05.06-16.07.46:534][  0]LogWindows: WindowsPlatformFeatures enabled
[2023.05.06-16.07.46:755][  0]LogInit: Physics initialised using underlying interface: PhysX
[2023.05.06-16.07.46:757][  0]LogInit: Using OS detected language (zh-CN).
[2023.05.06-16.07.46:757][  0]LogInit: Using OS detected locale (zh-CN).
[2023.05.06-16.07.46:763][  0]LogTextLocalizationManager: No specific localization for 'zh-CN' exists, so the 'zh-Hans' localization will be used.
[2023.05.06-16.07.46:972][  0]LogTextLocalizationResource: LocRes '../../../Engine/Content/Localization/Editor/zh/Editor.locres' could not be opened for reading!
[2023.05.06-16.07.46:972][  0]LogTextLocalizationResource: LocRes '../../../Engine/Content/Localization/EditorTutorials/zh/EditorTutorials.locres' could not be opened for reading!
[2023.05.06-16.07.46:972][  0]LogTextLocalizationResource: LocRes '../../../Engine/Content/Localization/Keywords/zh/Keywords.locres' could not be opened for reading!
[2023.05.06-16.07.46:972][  0]LogTextLocalizationResource: LocRes '../../../Engine/Content/Localization/Category/zh/Category.locres' could not be opened for reading!
[2023.05.06-16.07.46:973][  0]LogTextLocalizationResource: LocRes '../../../Engine/Content/Localization/ToolTips/zh/ToolTips.locres' could not be opened for reading!
[2023.05.06-16.07.46:973][  0]LogTextLocalizationResource: LocRes '../../../Engine/Content/Localization/PropertyNames/zh/PropertyNames.locres' could not be opened for reading!
[2023.05.06-16.07.46:973][  0]LogTextLocalizationResource: LocRes '../../../Engine/Content/Localization/Engine/zh/Engine.locres' could not be opened for reading!
[2023.05.06-16.07.46:973][  0]LogTextLocalizationResource: LocRes '../../../Engine/Plugins/Online/OnlineSubsystem/Content/Localization/OnlineSubsystem/zh/OnlineSubsystem.locres' could not be opened for reading!
[2023.05.06-16.07.46:973][  0]LogTextLocalizationResource: LocRes '../../../Engine/Plugins/Online/OnlineSubsystemUtils/Content/Localization/OnlineSubsystemUtils/zh/OnlineSubsystemUtils.locres' could not be opened for reading!
[2023.05.06-16.07.46:973][  0]LogTextLocalizationResource: LocRes '../../../Engine/Plugins/Online/Android/OnlineSubsystemGooglePlay/Content/Localization/OnlineSubsystemGooglePlay/zh/OnlineSubsystemGooglePlay.locres' could not be opened for reading!
[2023.05.06-16.07.46:973][  0]LogTextLocalizationResource: LocRes '../../../Engine/Plugins/Online/IOS/OnlineSubsystemIOS/Content/Localization/OnlineSubsystemIOS/zh/OnlineSubsystemIOS.locres' could not be opened for reading!
[2023.05.06-16.07.47:016][  0]LogInit: Setting process to per monitor DPI aware
[2023.05.06-16.07.47:040][  0]LogWindowsTextInputMethodSystem: Display: IME system deactivated.
[2023.05.06-16.07.47:101][  0]LogSlate: New Slate User Created.  User Index 0, Is Virtual User: 0
[2023.05.06-16.07.47:101][  0]LogSlate: Slate User Registered.  User Index 0, Is Virtual User: 0
[2023.05.06-16.07.48:910][  0]LogD3D11RHI: Loaded GFSDK_Aftermath_Lib.x64.dll
[2023.05.06-16.07.48:919][  0]LogHMD: Failed to initialize OpenVR with code 100
[2023.05.06-16.07.48:919][  0]LogD3D11RHI: D3D11 min allowed feature level: 11_0
[2023.05.06-16.07.48:919][  0]LogD3D11RHI: D3D11 max allowed feature level: 11_0
[2023.05.06-16.07.48:919][  0]LogD3D11RHI: D3D11 adapters:
[2023.05.06-16.07.49:035][  0]LogD3D11RHI:    0. 'NVIDIA GeForce GTX 1060 6GB' (Feature Level 11_0)
[2023.05.06-16.07.49:035][  0]LogD3D11RHI:       6052/0/8148 MB DedicatedVideo/DedicatedSystem/SharedSystem, Outputs:1, VendorId:0x10de
[2023.05.06-16.07.49:037][  0]LogD3D11RHI:    1. 'Microsoft Basic Render Driver' (Feature Level 11_0)
[2023.05.06-16.07.49:037][  0]LogD3D11RHI:       0/0/8148 MB DedicatedVideo/DedicatedSystem/SharedSystem, Outputs:0, VendorId:0x1414
[2023.05.06-16.07.49:037][  0]LogD3D11RHI: Chosen D3D11 Adapter:
[2023.05.06-16.07.49:037][  0]LogD3D11RHI:     Description : NVIDIA GeForce GTX 1060 6GB
[2023.05.06-16.07.49:037][  0]LogD3D11RHI:     VendorId    : 10de
[2023.05.06-16.07.49:037][  0]LogD3D11RHI:     DeviceId    : 1c03
[2023.05.06-16.07.49:037][  0]LogD3D11RHI:     SubSysId    : 11d710de
[2023.05.06-16.07.49:037][  0]LogD3D11RHI:     Revision    : 00a1
[2023.05.06-16.07.49:037][  0]LogD3D11RHI:     DedicatedVideoMemory : 6345981952 bytes
[2023.05.06-16.07.49:037][  0]LogD3D11RHI:     DedicatedSystemMemory : 0 bytes
[2023.05.06-16.07.49:037][  0]LogD3D11RHI:     SharedSystemMemory : 8544051200 bytes
[2023.05.06-16.07.49:037][  0]LogD3D11RHI:     AdapterLuid : 0 50374
[2023.05.06-16.07.49:045][  0]LogD3D11RHI: Creating new Direct3DDevice
[2023.05.06-16.07.49:045][  0]LogD3D11RHI:     GPU DeviceId: 0x1c03 (for the marketing name, search the web for "GPU Device Id")
[2023.05.06-16.07.49:045][  0]LogWindows: EnumDisplayDevices:
[2023.05.06-16.07.49:045][  0]LogWindows:    0. 'NVIDIA GeForce GTX 1060 6GB' (P:1 D:1)
[2023.05.06-16.07.49:045][  0]LogWindows:    1. 'NVIDIA GeForce GTX 1060 6GB' (P:0 D:0)
[2023.05.06-16.07.49:045][  0]LogWindows:    2. 'NVIDIA GeForce GTX 1060 6GB' (P:0 D:0)
[2023.05.06-16.07.49:046][  0]LogWindows:    3. 'NVIDIA GeForce GTX 1060 6GB' (P:0 D:0)
[2023.05.06-16.07.49:046][  0]LogWindows: DebugString: FoundDriverCount:4 
[2023.05.06-16.07.49:046][  0]LogD3D11RHI:     Adapter Name: NVIDIA GeForce GTX 1060 6GB
[2023.05.06-16.07.49:046][  0]LogD3D11RHI:   Driver Version: 516.94 (internal:31.0.15.1694, unified:516.94)
[2023.05.06-16.07.49:046][  0]LogD3D11RHI:      Driver Date: 7-21-2022
[2023.05.06-16.07.49:046][  0]LogRHI: Texture pool is 4236 MB (70% of 6052 MB)
[2023.05.06-16.07.49:047][  0]LogD3D11RHI: Creating D3DDevice using adapter:
[2023.05.06-16.07.49:047][  0]LogD3D11RHI:     Description : NVIDIA GeForce GTX 1060 6GB
[2023.05.06-16.07.49:047][  0]LogD3D11RHI:     VendorId    : 10de
[2023.05.06-16.07.49:047][  0]LogD3D11RHI:     DeviceId    : 1c03
[2023.05.06-16.07.49:047][  0]LogD3D11RHI:     SubSysId    : 11d710de
[2023.05.06-16.07.49:047][  0]LogD3D11RHI:     Revision    : 00a1
[2023.05.06-16.07.49:047][  0]LogD3D11RHI:     DedicatedVideoMemory : 6345981952 bytes
[2023.05.06-16.07.49:047][  0]LogD3D11RHI:     DedicatedSystemMemory : 0 bytes
[2023.05.06-16.07.49:047][  0]LogD3D11RHI:     SharedSystemMemory : 8544051200 bytes
[2023.05.06-16.07.49:047][  0]LogD3D11RHI:     AdapterLuid : 0 50374
[2023.05.06-16.07.49:100][  0]LogD3D11RHI: RHI has support for 64 bit atomics
[2023.05.06-16.07.49:101][  0]LogD3D11RHI: Async texture creation enabled
[2023.05.06-16.07.49:101][  0]LogD3D11RHI: Array index from any shader is supported
[2023.05.06-16.07.49:103][  0]LogD3D11RHI: HDR output is supported on display 0 (NvId: 0x80061082).
[2023.05.06-16.07.49:142][  0]LogD3D11RHI: GPU Timing Frequency: 1000.000000 (Debug: 2 1)
[2023.05.06-16.07.49:218][  0]LogRHI: GeForceNow SDK initialized: 1
[2023.05.06-16.07.50:039][  0]LogTargetPlatformManager: Display: Loaded TargetPlatform 'AllDesktop'
[2023.05.06-16.07.50:073][  0]LogTargetPlatformManager: Display: Loaded TargetPlatform 'Android'
[2023.05.06-16.07.50:073][  0]LogTargetPlatformManager: Display: Loaded TargetPlatform 'Android_ASTC'
[2023.05.06-16.07.50:073][  0]LogTargetPlatformManager: Display: Loaded TargetPlatform 'Android_DXT'
[2023.05.06-16.07.50:073][  0]LogTargetPlatformManager: Display: Loaded TargetPlatform 'Android_ETC2'
[2023.05.06-16.07.50:073][  0]LogTargetPlatformManager: Display: Loaded TargetPlatform 'AndroidClient'
[2023.05.06-16.07.50:073][  0]LogTargetPlatformManager: Display: Loaded TargetPlatform 'Android_ASTCClient'
[2023.05.06-16.07.50:073][  0]LogTargetPlatformManager: Display: Loaded TargetPlatform 'Android_DXTClient'
[2023.05.06-16.07.50:073][  0]LogTargetPlatformManager: Display: Loaded TargetPlatform 'Android_ETC2Client'
[2023.05.06-16.07.50:073][  0]LogTargetPlatformManager: Display: Loaded TargetPlatform 'Android_Multi'
[2023.05.06-16.07.50:073][  0]LogTargetPlatformManager: Display: Loaded TargetPlatform 'Android_MultiClient'
[2023.05.06-16.07.50:132][  0]LogTargetPlatformManager: Display: Loaded TargetPlatform 'IOSClient'
[2023.05.06-16.07.50:132][  0]LogTargetPlatformManager: Display: Loaded TargetPlatform 'IOS'
[2023.05.06-16.07.50:161][  0]LogTargetPlatformManager: Display: Loaded TargetPlatform 'Linux'
[2023.05.06-16.07.50:178][  0]LogTargetPlatformManager: Display: Loaded TargetPlatform 'LinuxNoEditor'
[2023.05.06-16.07.50:195][  0]LogTargetPlatformManager: Display: Loaded TargetPlatform 'LinuxClient'
[2023.05.06-16.07.50:212][  0]LogTargetPlatformManager: Display: Loaded TargetPlatform 'LinuxServer'
[2023.05.06-16.07.50:236][  0]LogTargetPlatformManager: Display: Loaded TargetPlatform 'LinuxAArch64NoEditor'
[2023.05.06-16.07.50:254][  0]LogTargetPlatformManager: Display: Loaded TargetPlatform 'LinuxAArch64Client'
[2023.05.06-16.07.50:271][  0]LogTargetPlatformManager: Display: Loaded TargetPlatform 'LinuxAArch64Server'
[2023.05.06-16.07.50:306][  0]LogTargetPlatformManager: Display: Loaded TargetPlatform 'Lumin'
[2023.05.06-16.07.50:306][  0]LogTargetPlatformManager: Display: Loaded TargetPlatform 'LuminClient'
[2023.05.06-16.07.50:333][  0]LogTargetPlatformManager: Display: Loaded TargetPlatform 'MacNoEditor'
[2023.05.06-16.07.50:350][  0]LogTargetPlatformManager: Display: Loaded TargetPlatform 'Mac'
[2023.05.06-16.07.50:367][  0]LogTargetPlatformManager: Display: Loaded TargetPlatform 'MacClient'
[2023.05.06-16.07.50:384][  0]LogTargetPlatformManager: Display: Loaded TargetPlatform 'MacServer'
[2023.05.06-16.07.50:404][  0]LogTargetPlatformManager: Display: Loaded TargetPlatform 'TVOSClient'
[2023.05.06-16.07.50:404][  0]LogTargetPlatformManager: Display: Loaded TargetPlatform 'TVOS'
[2023.05.06-16.07.50:425][  0]LogTargetPlatformManager: Display: Loaded TargetPlatform 'WindowsNoEditor'
[2023.05.06-16.07.50:443][  0]LogTargetPlatformManager: Display: Loaded TargetPlatform 'Windows'
[2023.05.06-16.07.50:462][  0]LogTargetPlatformManager: Display: Loaded TargetPlatform 'WindowsClient'
[2023.05.06-16.07.50:481][  0]LogTargetPlatformManager: Display: Loaded TargetPlatform 'WindowsServer'
[2023.05.06-16.07.50:481][  0]LogTargetPlatformManager: Display: Building Assets For Windows
[2023.05.06-16.07.50:549][  0]LogAudioDebug: Display: Lib vorbis DLL was dynamically loaded.
[2023.05.06-16.07.50:756][  0]LogTextureFormatOodle: Display: Oodle Texture 2.9.0 init RDO Off
[2023.05.06-16.07.51:014][  0]LogRendererCore: Ray tracing is disabled. Reason: r.RayTracing=0.
[2023.05.06-16.07.51:016][  0]LogShaderCompilers: Guid format shader working directory is 26 characters bigger than the processId version (F:/UEProjects/meihuaK/Intermediate/Shaders/WorkingDirectory/19548/).
[2023.05.06-16.07.51:016][  0]LogShaderCompilers: Cleaned the shader compiler working directory 'C:/Users/achonor/AppData/Local/Temp/UnrealShaderWorkingDir/85B2499242E7A3265B399DA637E0D0F9/'.
[2023.05.06-16.07.51:017][  0]LogXGEController: Cannot use XGE Controller as Incredibuild is not installed on this machine.
[2023.05.06-16.07.51:017][  0]LogShaderCompilers: Cannot use XGE Shader Compiler as Incredibuild is not installed on this machine.
[2023.05.06-16.07.51:017][  0]LogShaderCompilers: Display: Using Local Shader Compiler.
[2023.05.06-16.07.53:392][  0]LogDerivedDataCache: Display: Max Cache Size: 512 MB
[2023.05.06-16.07.53:392][  0]LogDerivedDataCache: Display: Starting with empty Boot cache
[2023.05.06-16.07.53:392][  0]LogDerivedDataCache: FDerivedDataBackendGraph:  Pak pak cache file F:/UEProjects/meihuaK/DerivedDataCache/DDC.ddp not found, will not use a pak cache.
[2023.05.06-16.07.53:392][  0]LogDerivedDataCache: Unable to find inner node Pak for hierarchical cache Hierarchy.
[2023.05.06-16.07.53:392][  0]LogDerivedDataCache: FDerivedDataBackendGraph:  CompressedPak pak cache file F:/UEProjects/meihuaK/DerivedDataCache/Compressed.ddp not found, will not use a pak cache.
[2023.05.06-16.07.53:392][  0]LogDerivedDataCache: Unable to find inner node CompressedPak for hierarchical cache Hierarchy.
[2023.05.06-16.07.53:415][  0]LogDerivedDataCache: Display: Pak cache opened for reading ../../../Engine/DerivedDataCache/Compressed.ddp.
[2023.05.06-16.07.53:415][  0]LogDerivedDataCache: FDerivedDataBackendGraph:  EnterprisePak pak cache file ../../../Enterprise/DerivedDataCache/Compressed.ddp not found, will not use a pak cache.
[2023.05.06-16.07.53:415][  0]LogDerivedDataCache: Unable to find inner node EnterprisePak for hierarchical cache Hierarchy.
[2023.05.06-16.07.53:430][  0]LogDerivedDataCache: Speed tests for C:/Users/achonor/AppData/Local/UnrealEngine/Common/DerivedDataCache took 0.02 seconds
[2023.05.06-16.07.53:431][  0]LogDerivedDataCache: Display: Performance to C:/Users/achonor/AppData/Local/UnrealEngine/Common/DerivedDataCache: Latency=0.04ms. RandomReadSpeed=243.44MBs, RandomWriteSpeed=170.17MBs. Assigned SpeedClass 'Local'
[2023.05.06-16.07.53:431][  0]LogDerivedDataCache: Using Local data cache path C:/Users/achonor/AppData/Local/UnrealEngine/Common/DerivedDataCache: Writable
[2023.05.06-16.07.53:431][  0]LogDerivedDataCache: Shared data cache path not found in *engine.ini, will not use an Shared cache.
[2023.05.06-16.07.53:431][  0]LogDerivedDataCache: Unable to find inner node Shared for hierarchical cache Hierarchy.
[2023.05.06-16.07.53:472][  0]LogSlate: Using FreeType 2.10.0
[2023.05.06-16.07.53:483][  0]LogSlate: SlateFontServices - WITH_FREETYPE: 1, WITH_HARFBUZZ: 1
[2023.05.06-16.07.53:590][  0]LogAssetRegistry: FAssetRegistry took 0.0047 seconds to start up
[2023.05.06-16.07.54:128][  0]LogInit: Selected Device Profile: [Windows]
[2023.05.06-16.07.54:128][  0]LogInit: Active device profile: [00000225AFDBD400][00000225AE902540 49] Windows
[2023.05.06-16.07.54:128][  0]LogInit: Profiles: [00000225AFDBD400][00000225AE902540 49] Windows, [00000225AFD87200][00000225AE90A6C0 49] WindowsNoEditor, [00000225AFDBE200][00000225AE90E840 49] WindowsServer, [00000225AFD87F00][00000225AE9129C0 49] WindowsClient, [00000225AFDBEF00][00000225AE916B40 49] IOS, [00000225AFD85600][00000225AE91ACC0 49] iPadAir, [00000225AFDBFC00][00000225B0C64E40 49] iPadAir2, [00000225B1122600][00000225B0C6D100 49] IPadPro, [00000225B1122700][00000225B0C69140 49] iPadAir3, [00000225AFD84300][00000225B0C712C0 49] iPadAir4, [00000225B1123500][00000225B0C75440 49] iPadMini2, [00000225AFD87600][00000225B0C795C0 49] iPadMini3, [00000225B1122400][00000225B0C7D740 49] iPadMini4, [00000225AFD86500][00000225B0C818C0 49] iPadMini5, [00000225AFD55F00][00000225AE907B40 49] iPhone6, [00000225AFD56000][00000225B0C85B80 49] iPodTouch6, [00000225AFDBED00][00000225B0C8C240 49] iPhone7, [00000225AFDBD500][00000225B0C88280 49] iPodTouch7, [00000225B1123200][00000225B0C903C0 49] iPhone5S, [00000225AFDBE000][00000225B0C98540 49] iPhone6Plus, [00000225B1121200][00000225B0C9C6C0 49] iPhone6S, [00000225AFDBEB00][00000225B0CA0840 49] iPhone6SPlus, [00000225B1120A00][00000225B0CA49C0 49] iPhone7Plus, [00000225AFDBD100][00000225B0CA8B40 49] iPhoneSE, [00000225B1120800][00000225B0CACCC0 49] iPhone8, [00000225AFDBEC00][00000225B0CB0E40 49] iPhone8Plus, [00000225B1123100][00000225B0CB4FC0 49] iPhoneX, [00000225AFDBCF00][00000225B0CB9140 49] iPhoneXS, [00000225B1122F00][00000225B0CBD2C0 49] iPhoneXSMax, [00000225AFDBE900][00000225B0CC1440 49] iPhoneXR, [00000225AFD54400][00000225B0CC55C0 49] iPhone11, [00000225B1121300][00000225B0CC9740 49] iPhone11Pro, [00000225AFD54C00][00000225B0CCD8C0 49] iPhone11ProMax, [00000225B1121B00][00000225B0CD1A40 49] iPhoneSE2, [00000225AFD55400][00000225B0CD5BC0 49] iPhone12Mini, [00000225B1122300][00000225B0C94180 49] iPhone12, [00000225AFD55A00][00000225B0CD82C0 49] iPhone12Pro, [00000225B1122100][00000225B0CDC400 49] iPhone12ProMax, [00000225AFD55D00][00000225B0CE0540 49] iPadPro105, [00000225B1121C00][00000225B0CE86C0 49] iPadPro129, [00000225AFD57F00][00000225B0CEC840 49] iPadPro97, [00000225B1120400][00000225B0CF09C0 49] iPadPro2_129, [00000225AFDBDD00][00000225B0CF4B40 49] iPad5, [00000225AFD55E00][00000225B0CF8CC0 49] iPad6, [00000225B1121F00][00000225B0CFCE40 49] iPad7, [00000225AFD54800][00000225B0D00FC0 49] iPad8, [00000225B1123C00][00000225B0D05140 49] iPadPro11, [00000225AFD54900][00000225B0D092C0 49] iPadPro2_11, [00000225B1121400][00000225B0D0D440 49] iPadPro3_129, [00000225AFD57500][00000225B0D115C0 49] iPadPro4_129, [00000225B1120D00][00000225B0D15740 49] AppleTV, [00000225AFD55000][00000225B0D198C0 49] AppleTV4K, [00000225B1120100][00000225B0D1DA40 49] TVOS, [00000225AFD54D00][00000225B0D21BC0 49] Mac, [00000225B1123700][00000225B0D241C0 49] MacClient, [00000225AFD56400][00000225B0D28340 49] MacNoEditor, [00000225B1121800][00000225B0CE4480 49] MacServer, [00000225AFD56D00][00000225B0D2C5C0 49] Linux, [00000225B1122500][00000225B1D40700 49] LinuxAArch64, [00000225AFD54B00][00000225B1D48880 49] LinuxNoEditor, [00000225B1123400][00000225B1D4CA00 49] LinuxAArch64NoEditor, [00000225AFD55800][00000225B1D50B80 49] LinuxClient, [00000225B1120300][00000225B1D54D00 49] LinuxAArch64Client, [00000225AFD55200][00000225B1D58E80 49] LinuxServer, [00000225B1123000][00000225B1D5D000 49] LinuxAArch64Server, [00000225AFD56600][00000225B1D61180 49] Android, [00000225B1121D00][00000225B1D65300 49] Android_Low, [00000225AFD56900][00000225B1D69480 49] Android_Mid, [00000225B1121100][00000225B1D6D600 49] Android_High, [00000225AFD54300][00000225B1D71780 49] Android_Default, [00000225B1120500][00000225B1D75900 49] Android_Adreno4xx, [00000225AFD55900][00000225B1D79A80 49] Android_Adreno5xx_Low, [00000225B1122900][00000225B1D7DC00 49] Android_Adreno5xx, [00000225AFD54A00][00000225B1D80200 49] Android_Adreno6xx, [00000225B1123A00][00000225B1D84380 49] Android_Adreno6xx_Vulkan, [00000225AFD57B00][00000225B1D88500 49] Android_Mali_T6xx, [00000225B1121600][00000225B1D44640 49] Android_Mali_T7xx, [00000225AFD55C00][00000225B1D8C780 49] Android_Mali_T8xx, [00000225B1121A00][00000225B1D908C0 49] Android_Mali_G71, [00000225AFD55100][00000225B1D98A40 49] Android_Mali_G72, [00000225B1120900][00000225B1D9CBC0 49] Android_Mali_G72_Vulkan, [00000225AFD54F00][00000225B1DA0D40 49] Android_Mali_G76, [00000225B1122C00][00000225B1DA4EC0 49] Android_Mali_G76_Vulkan, [00000225AFD55300][00000225B1DA9040 49] Android_Mali_G77, [00000225B1121000][00000225B1DAD1C0 49] Android_Mali_G77_Vulkan, [00000225AFD56A00][00000225B1DB1340 49] Android_Mali_G78, [00000225B1120C00][00000225B1DB54C0 49] Android_Mali_G78_Vulkan, [00000225AFD56800][00000225B1DB9640 49] Android_Mali_G710, [00000225B1120700][00000225B1DBD7C0 49] Android_Mali_G710_Vulkan, [00000225AFD86600][00000225B1DC1940 49] Android_Vulkan_SM5, [00000225AFDBCE00][00000225B1DC5AC0 49] Android_PowerVR_G6xxx, [00000225AFD84B00][00000225B1DC80C0 49] Android_PowerVR_GT7xxx, [00000225AFDBC400][00000225B1DCC240 49] Android_PowerVR_GE8xxx, [00000225AFD87C00][00000225B1DD03C0 49] Android_PowerVR_GM9xxx, [00000225AFDBFF00][00000225B1DD4540 49] Android_PowerVR_GM9xxx_Vulkan, [00000225AFD84D00][00000225B1DD86C0 49] Android_TegraK1, [00000225AFDBEA00][00000225B1D94800 49] Android_Unknown_Vulkan, [00000225AFD85700][00000225B1DDC940 49] Lumin, [00000225AFDBF400][00000225B1DE0A80 49] Lumin_Desktop, [00000225AFD84400][00000225B1DE4BC0 49] HoloLens, 
[2023.05.06-16.07.54:656][  0]LogMeshReduction: Using QuadricMeshReduction for automatic static mesh reduction
[2023.05.06-16.07.54:656][  0]LogMeshReduction: Using SimplygonMeshReduction for automatic skeletal mesh reduction
[2023.05.06-16.07.54:656][  0]LogMeshReduction: Using ProxyLODMeshReduction for automatic mesh merging
[2023.05.06-16.07.54:656][  0]LogMeshReduction: No distributed automatic mesh merging module available
[2023.05.06-16.07.54:657][  0]LogMeshMerging: No distributed automatic mesh merging module available
[2023.05.06-16.07.54:790][  0]LogNetVersion: meihuaK 1.0.0, NetCL: 17155196, EngineNetVer: 17, GameNetVer: 0 (Checksum: 1192966298)
[2023.05.06-16.07.56:258][  0]LogTexture: Default maximum texture size for cubemaps generated from long-lat sources has been changed from 512 to unlimited. In order to preserve old behaiour for '/Engine/MapTemplates/Sky/DaylightAmbientCubemap.DaylightAmbientCubemap', its maximum texture size has been explicitly set to 512.
[2023.05.06-16.07.56:391][  0]LogHMD: PokeAHoleMaterial loaded successfully
[2023.05.06-16.07.56:400][  0]LogUObjectArray: 17178 objects as part of root set at end of initial load.
[2023.05.06-16.07.56:400][  0]LogUObjectAllocator: 4302048 out of 0 bytes used by permanent object pool.
[2023.05.06-16.07.56:400][  0]LogUObjectArray: CloseDisregardForGC: 0/0 objects in disregard for GC pool
[2023.05.06-16.07.57:775][  0]LogNiagaraDebuggerClient: Niagara Debugger Client Initialized | Session: 8C8FC85343F6617CC091D59B364F3DF8 | Instance: C150025B433FDA31FBC67A9745650E23 (DESKTOP-81VAJOU-19548).
[2023.05.06-16.07.57:981][  0]LogPython: Using Python 3.7.7
[2023.05.06-16.07.59:077][  0]LogTcpMessaging: Initializing TcpMessaging bridge
[2023.05.06-16.07.59:120][  0]LogUdpMessaging: Initializing bridge on interface 0.0.0.0:0 to multicast group 230.0.0.1:6666.
[2023.05.06-16.07.59:770][  0]SourceControl: 源码管理已禁用
[2023.05.06-16.07.59:770][  0]SourceControl: 源码管理已禁用
[2023.05.06-16.07.59:798][  0]SourceControl: 源码管理已禁用
[2023.05.06-16.07.59:819][  0]SourceControl: 源码管理已禁用
[2023.05.06-16.07.59:863][  0]SourceControl: 源码管理已禁用
[2023.05.06-16.07.59:894][  0]LogUProjectInfo: Found projects:
[2023.05.06-16.07.59:916][  0]LogVSAccessor: Display: Unable to create Visual Studio setup instance: 80040154
[2023.05.06-16.07.59:917][  0]LogVSAccessor: Display: Unable to create Visual Studio setup instance: 80040154
[2023.05.06-16.07.59:917][  0]LogVSAccessor: Display: Unable to create Visual Studio setup instance: 80040154
[2023.05.06-16.08.00:649][  0]LogOpenImageDenoise: OIDN starting up
[2023.05.06-16.08.00:867][  0]LogAndroidPermission: UAndroidPermissionCallbackProxy::GetInstance
[2023.05.06-16.08.00:973][  0]LogAudioCaptureCore: Display: No Audio Capture implementations found. Audio input will be silent.
[2023.05.06-16.08.00:973][  0]LogAudioCaptureCore: Display: No Audio Capture implementations found. Audio input will be silent.
[2023.05.06-16.08.01:635][  0]LogCollectionManager: Loaded 0 collections in 0.001576 seconds
[2023.05.06-16.08.01:717][  0]LogFileCache: Scanning file cache for directory 'F:/UEProjects/meihuaK/Saved/Collections/' took 0.00s
[2023.05.06-16.08.01:717][  0]LogFileCache: Scanning file cache for directory 'F:/UEProjects/meihuaK/Content/Developers/achonor/Collections/' took 0.00s
[2023.05.06-16.08.01:717][  0]LogFileCache: Scanning file cache for directory 'F:/UEProjects/meihuaK/Content/Collections/' took 0.00s
[2023.05.06-16.08.01:717][  0]LogOcInput: OculusInput pre-init called
[2023.05.06-16.08.02:229][  0]LogEngine: Initializing Engine...
[2023.05.06-16.08.02:270][  0]LogHMD: Failed to enumerate extensions. Please check that you have a valid OpenXR runtime installed.
[2023.05.06-16.08.02:271][  0]LogHMD: Failed to initialize OpenVR with code 100
[2023.05.06-16.08.02:271][  0]LogMagicLeap: Warning: VR disabled because ZI is not enabled.  To enable, in the editor, Edit -> Project Settings -> Plugins -> Magic Leap Plugin -> Enable Zero Iteration
[2023.05.06-16.08.02:275][  0]LogStats: UGameplayTagsManager::InitializeManager -  0.001 s
[2023.05.06-16.08.02:527][  0]LogInit: Initializing FReadOnlyCVARCache
[2023.05.06-16.08.02:583][  0]LogAIModule: Creating AISystem for world Untitled
[2023.05.06-16.08.02:591][  0]LogAudio: Display: Initializing Audio Device Manager...
[2023.05.06-16.08.02:611][  0]LogAudio: Display: Loading Default Audio Settings Objects...
[2023.05.06-16.08.02:612][  0]LogAudio: Display: No default SoundConcurrencyObject specified (or failed to load).
[2023.05.06-16.08.02:614][  0]LogAudio: Display: Audio Device Manager Initialized
[2023.05.06-16.08.02:614][  0]LogAudio: Display: Creating Audio Device:                 Id: 1, Scope: Shared, Realtime: True
[2023.05.06-16.08.02:615][  0]LogAudioMixer: Display: Audio Mixer Platform Settings:
[2023.05.06-16.08.02:615][  0]LogAudioMixer: Display: 	Sample Rate:						  48000
[2023.05.06-16.08.02:615][  0]LogAudioMixer: Display: 	Callback Buffer Frame Size Requested: 1024
[2023.05.06-16.08.02:615][  0]LogAudioMixer: Display: 	Callback Buffer Frame Size To Use:	  1024
[2023.05.06-16.08.02:615][  0]LogAudioMixer: Display: 	Number of buffers to queue:			  2
[2023.05.06-16.08.02:615][  0]LogAudioMixer: Display: 	Max Channels (voices):				  32
[2023.05.06-16.08.02:615][  0]LogAudioMixer: Display: 	Number of Async Source Workers:		  0
[2023.05.06-16.08.02:615][  0]LogAudio: Display: AudioDevice MaxSources: 32
[2023.05.06-16.08.02:617][  0]LogAudio: Display: Audio Spatialization Plugin: None (built-in).
[2023.05.06-16.08.02:617][  0]LogAudio: Display: Audio Reverb Plugin: None (built-in).
[2023.05.06-16.08.02:617][  0]LogAudio: Display: Audio Occlusion Plugin: None (built-in).
[2023.05.06-16.08.02:617][  0]LogAudioMixer: Display: Initializing audio mixer.
[2023.05.06-16.08.02:662][  0]LogAudioMixer: Display: 0: FrontLeft
[2023.05.06-16.08.02:662][  0]LogAudioMixer: Display: 1: FrontRight
[2023.05.06-16.08.02:680][  0]LogAudioMixer: Display: Using Audio Device U27N3G6R4B (NVIDIA High Definition Audio)
[2023.05.06-16.08.02:682][  0]LogAudioMixer: Display: Initializing Sound Submixes...
[2023.05.06-16.08.02:684][  0]LogAudioMixer: Display: Creating Master Submix 'MasterSubmixDefault'
[2023.05.06-16.08.02:684][  0]LogAudioMixer: Display: Creating Master Submix 'MasterReverbSubmixDefault'
[2023.05.06-16.08.02:686][  0]LogAudioMixer: Display: Creating Master Submix 'MasterEQSubmixDefault'
[2023.05.06-16.08.02:686][  0]LogAudioMixer: FMixerPlatformXAudio2::StartAudioStream() called
[2023.05.06-16.08.02:686][  0]LogAudioMixer: Display: Output buffers initialized: Frames=1024, Channels=2, Samples=2048
[2023.05.06-16.08.02:687][  0]LogAudioMixer: Display: Starting AudioMixerPlatformInterface::RunInternal()
[2023.05.06-16.08.02:687][  0]LogAudioMixer: Display: FMixerPlatformXAudio2::SubmitBuffer() called for the first time
[2023.05.06-16.08.02:687][  0]LogInit: FAudioDevice initialized.
[2023.05.06-16.08.02:688][  0]LogAudio: Display: Audio Device (ID: 1) registered with world 'Untitled'.
[2023.05.06-16.08.02:689][  0]LogNetVersion: Set ProjectVersion to 1.0.0.0. Version Checksum will be recalculated on next use.
[2023.05.06-16.08.02:725][  0]LogDerivedDataCache: Saved boot cache 0.04s 96MB C:/Users/achonor/AppData/Local/UnrealEngine/4.27/DerivedDataCache/Boot.ddc.
[2023.05.06-16.08.02:725][  0]LogInit: Texture streaming: Enabled
[2023.05.06-16.08.02:786][  0]LogAnalytics: Display: [UEEditor.Rocket.Release] APIServer = https://datarouter.ol.epicgames.com/. AppVersion = 4.27.2-18319896+++UE4+Release-4.27
[2023.05.06-16.08.02:802][  0]LogEngineSessionManager: EngineSessionManager initialized
[2023.05.06-16.08.02:803][  0]LogEditorSessionSummary: Verbose: Initializing EditorSessionSummaryWriter for editor session tracking
[2023.05.06-16.08.02:806][  0]LogEditorSessionSummary: EditorSessionSummaryWriter initialized
[2023.05.06-16.08.02:873][  0]LogInit: Transaction tracking system initialized
[2023.05.06-16.08.02:998][  0]BlueprintLog: New page: 编辑器加载
[2023.05.06-16.08.03:339][  0]LocalizationService: 本地化服务已禁用
[2023.05.06-16.08.03:486][  0]TimingProfiler: Initialize
[2023.05.06-16.08.03:488][  0]TimingProfiler: OnSessionChanged
[2023.05.06-16.08.03:488][  0]LoadingProfiler: Initialize
[2023.05.06-16.08.03:488][  0]LoadingProfiler: OnSessionChanged
[2023.05.06-16.08.03:488][  0]NetworkingProfiler: Initialize
[2023.05.06-16.08.03:488][  0]NetworkingProfiler: OnSessionChanged
[2023.05.06-16.08.03:488][  0]MemoryProfiler: Initialize
[2023.05.06-16.08.03:488][  0]MemoryProfiler: OnSessionChanged
[2023.05.06-16.08.03:739][  0]LogVSAccessor: Display: Unable to create Visual Studio setup instance: 80040154
[2023.05.06-16.08.03:740][  0]LogVSAccessor: Display: Unable to create Visual Studio setup instance: 80040154
[2023.05.06-16.08.03:740][  0]LogVSAccessor: Display: Unable to create Visual Studio setup instance: 80040154
[2023.05.06-16.08.03:840][  0]LogCook: Display: CookSettings for Memory: MemoryMaxUsedVirtual 0MiB, MemoryMaxUsedPhysical 16384MiB, MemoryMinFreeVirtual 0MiB, MemoryMinFreePhysical 1024MiB
[2023.05.06-16.08.03:840][  0]LogCook: Display: Mobile HDR setting 1
[2023.05.06-16.08.04:291][  0]LogFileCache: Scanning file cache for directory 'F:/UEProjects/meihuaK/Content/' took 0.01s
[2023.05.06-16.08.04:860][  0]LogInit: Display: Engine is initialized. Leaving FEngineLoop::Init()
[2023.05.06-16.08.04:868][  0]SourceControl: 源码管理已禁用
[2023.05.06-16.08.04:869][  0]LogUnrealEdMisc: Loading editor; pre map load, took 21.410
[2023.05.06-16.08.04:871][  0]Cmd: MAP LOAD FILE="F:/UEProjects/meihuaK/Content/ThirdPersonBP/Maps/MainMenu.umap" TEMPLATE=0 SHOWPROGRESS=1 FEATURELEVEL=3
[2023.05.06-16.08.04:872][  0]LightingResults: New page: 光照构建
[2023.05.06-16.08.04:879][  0]LogWorld: UWorld::CleanupWorld for Untitled, bSessionEnded=true, bCleanupResources=true
[2023.05.06-16.08.04:882][  0]LogSlate: InvalidateAllWidgets triggered.  All widgets were invalidated
[2023.05.06-16.08.04:885][  0]MapCheck: New page: 地图检测
[2023.05.06-16.08.04:885][  0]LightingResults: New page: 光照构建
[2023.05.06-16.08.04:896][  0]LogAudio: Display: Audio Device unregistered from world 'None'.
[2023.05.06-16.08.04:913][  0]LogUObjectHash: Compacting FUObjectHashTables data took   0.88ms
[2023.05.06-16.08.05:128][  0]LogTexture: Display: 正在编译纹理：M_Red（OODLE_AutoDXT、1000X1000）
[2023.05.06-16.08.05:128][  0]LogTexture: Display: 正在编译纹理：M_Blue（OODLE_AutoDXT、1000X1000）
[2023.05.06-16.08.05:206][  0]LogStaticMesh: 正在构建静态网格体Shape_Cylinder……
[2023.05.06-16.08.05:212][  0]LogStaticMesh: Built static mesh [0.01s] /Game/Content/Shapes/Shape_Cylinder.Shape_Cylinder
[2023.05.06-16.08.05:215][  0]LogMaterial: Display: Missing cached shadermap for M_Red_Mat in PCD3D_SM5, Default, SM5 (DDC key hash: 7B3D2C893B4C79239EC5CB64E4E32829C3A2B687), compiling. 
[2023.05.06-16.08.05:249][  0]LogShaderCompilers: Display: Submitted 16 shader compile jobs with 'Low' priority
[2023.05.06-16.08.05:251][  0]LogMaterial: Display: Missing cached shadermap for M_Blue_Mat in PCD3D_SM5, Default, SM5 (DDC key hash: 44183FD5EBB6AEA43ED6DAD2CBBD39C93731DFEB), compiling. 
[2023.05.06-16.08.05:259][  0]LogShaderCompilers: Display: Worker (1/13): shaders left to compile 16
[2023.05.06-16.08.05:259][  0]LogShaderCompilers: Display: Worker (2/13): shaders left to compile 14
[2023.05.06-16.08.05:259][  0]LogShaderCompilers: Display: Worker (3/13): shaders left to compile 12
[2023.05.06-16.08.05:259][  0]LogShaderCompilers: Display: Worker (4/13): shaders left to compile 10
[2023.05.06-16.08.05:259][  0]LogShaderCompilers: Display: Worker (5/13): shaders left to compile 8
[2023.05.06-16.08.05:259][  0]LogShaderCompilers: Display: Worker (6/13): shaders left to compile 6
[2023.05.06-16.08.05:259][  0]LogShaderCompilers: Display: Worker (7/13): shaders left to compile 4
[2023.05.06-16.08.05:259][  0]LogShaderCompilers: Display: Worker (8/13): shaders left to compile 2
[2023.05.06-16.08.05:259][  0]LogShaderCompilers: Display: Started 16 'Local' shader compile jobs with 'Low' priority
[2023.05.06-16.08.05:259][  0]LogShaderCompilers: Display: Submitted 16 shader compile jobs with 'Low' priority
[2023.05.06-16.08.05:272][  0]LogAudio: Display: Audio Device (ID: 1) registered with world 'MainMenu'.
[2023.05.06-16.08.05:273][  0]LogAIModule: Creating AISystem for world MainMenu
[2023.05.06-16.08.05:299][  0]LogEditorServer: Finished looking for orphan Actors (0.000 secs)
[2023.05.06-16.08.05:316][  0]LogUObjectHash: Compacting FUObjectHashTables data took   1.10ms
[2023.05.06-16.08.05:319][  0]Cmd: MAP CHECKDEP NOCLEARLOG
[2023.05.06-16.08.05:319][  0]MapCheck: 地图检测完成：0个错误、0个警告、完成用时0.304毫秒。
[2023.05.06-16.08.05:320][  0]LogFileHelpers: Loading map 'MainMenu' took 0.450
[2023.05.06-16.08.05:355][  0]LogShaderCompilers: Display: Worker (9/13): shaders left to compile 16
[2023.05.06-16.08.05:356][  0]LogShaderCompilers: Display: Worker (10/13): shaders left to compile 14
[2023.05.06-16.08.05:356][  0]LogShaderCompilers: Display: Worker (11/13): shaders left to compile 12
[2023.05.06-16.08.05:356][  0]LogShaderCompilers: Display: Worker (12/13): shaders left to compile 10
[2023.05.06-16.08.05:356][  0]LogShaderCompilers: Display: Worker (13/13): shaders left to compile 8
[2023.05.06-16.08.05:356][  0]LogShaderCompilers: Display: Started 10 'Local' shader compile jobs with 'Low' priority
[2023.05.06-16.08.05:356][  0]LogUnrealEdMisc: Total Editor Startup Time, took 21.897
[2023.05.06-16.08.05:437][  0]LogWindowsTextInputMethodSystem: Display: IME system activated using TSF (微软拼音).
[2023.05.06-16.08.05:556][  0]LogSlate: Updating window title bar state: overlay mode, drag disabled, window buttons hidden, title bar hidden
[2023.05.06-16.08.05:565][  0]LogSlate: Updating window title bar state: overlay mode, drag disabled, window buttons hidden, title bar hidden
[2023.05.06-16.08.05:572][  0]LogSlate: Updating window title bar state: overlay mode, drag disabled, window buttons hidden, title bar hidden
[2023.05.06-16.08.05:579][  0]LogSlate: Updating window title bar state: overlay mode, drag disabled, window buttons hidden, title bar hidden
[2023.05.06-16.08.05:633][  0]LogNativeClassHierarchy: Verbose: Native class hierarchy populated in 0.0091 seconds. Added 3837 classes and 936 folders.
[2023.05.06-16.08.05:644][  0]LogNativeClassHierarchy: Verbose: Native class hierarchy updated for 'WidgetCarousel' in 0.0003 seconds. Added 0 classes and 0 folders.
[2023.05.06-16.08.05:659][  0]LogPakFile: PakFile PrimaryIndexSize=187
[2023.05.06-16.08.05:659][  0]LogPakFile: PakFile PathHashIndexSize=101
[2023.05.06-16.08.05:659][  0]LogPakFile: PakFile FullDirectoryIndexSize=148
[2023.05.06-16.08.05:659][  0]LogShaderLibrary: Display: ShaderCodeLibraryPakFileMountedCallback: PakFile 'D:/Program Files/Epic Games/UE_4.27/FeaturePacks/FP_FirstPerson.upack' (chunk index -1, root 'root:/') mounted
[2023.05.06-16.08.05:659][  0]LogShaderLibrary: Display: ShaderCodeLibraryPakFileMountedCallback: pending pak file info (ChunkID:-1 Root:root:/ File:D:/Program Files/Epic Games/UE_4.27/FeaturePacks/FP_FirstPerson.upack)
[2023.05.06-16.08.05:659][  0]LogPakFile: OnPakFileMounted2Time == 0.000629
[2023.05.06-16.08.05:672][  0]LogPakFile: PakFile PrimaryIndexSize=189
[2023.05.06-16.08.05:672][  0]LogPakFile: PakFile PathHashIndexSize=101
[2023.05.06-16.08.05:672][  0]LogPakFile: PakFile FullDirectoryIndexSize=152
[2023.05.06-16.08.05:672][  0]LogShaderLibrary: Display: ShaderCodeLibraryPakFileMountedCallback: PakFile 'D:/Program Files/Epic Games/UE_4.27/FeaturePacks/FP_FirstPersonBP.upack' (chunk index -1, root 'root:/') mounted
[2023.05.06-16.08.05:672][  0]LogShaderLibrary: Display: ShaderCodeLibraryPakFileMountedCallback: pending pak file info (ChunkID:-1 Root:root:/ File:D:/Program Files/Epic Games/UE_4.27/FeaturePacks/FP_FirstPersonBP.upack)
[2023.05.06-16.08.05:672][  0]LogPakFile: OnPakFileMounted2Time == 0.000304
[2023.05.06-16.08.05:677][  0]LogPakFile: PakFile PrimaryIndexSize=191
[2023.05.06-16.08.05:677][  0]LogPakFile: PakFile PathHashIndexSize=101
[2023.05.06-16.08.05:677][  0]LogPakFile: PakFile FullDirectoryIndexSize=160
[2023.05.06-16.08.05:677][  0]LogShaderLibrary: Display: ShaderCodeLibraryPakFileMountedCallback: PakFile 'D:/Program Files/Epic Games/UE_4.27/FeaturePacks/MobileStarterContent.upack' (chunk index -1, root 'root:/') mounted
[2023.05.06-16.08.05:677][  0]LogShaderLibrary: Display: ShaderCodeLibraryPakFileMountedCallback: pending pak file info (ChunkID:-1 Root:root:/ File:D:/Program Files/Epic Games/UE_4.27/FeaturePacks/MobileStarterContent.upack)
[2023.05.06-16.08.05:677][  0]LogPakFile: OnPakFileMounted2Time == 0.000028
[2023.05.06-16.08.05:681][  0]LogPakFile: PakFile PrimaryIndexSize=185
[2023.05.06-16.08.05:681][  0]LogPakFile: PakFile PathHashIndexSize=101
[2023.05.06-16.08.05:681][  0]LogPakFile: PakFile FullDirectoryIndexSize=148
[2023.05.06-16.08.05:681][  0]LogShaderLibrary: Display: ShaderCodeLibraryPakFileMountedCallback: PakFile 'D:/Program Files/Epic Games/UE_4.27/FeaturePacks/StarterContent.upack' (chunk index -1, root 'root:/') mounted
[2023.05.06-16.08.05:681][  0]LogShaderLibrary: Display: ShaderCodeLibraryPakFileMountedCallback: pending pak file info (ChunkID:-1 Root:root:/ File:D:/Program Files/Epic Games/UE_4.27/FeaturePacks/StarterContent.upack)
[2023.05.06-16.08.05:681][  0]LogPakFile: OnPakFileMounted2Time == 0.000028
[2023.05.06-16.08.05:686][  0]LogPakFile: PakFile PrimaryIndexSize=190
[2023.05.06-16.08.05:686][  0]LogPakFile: PakFile PathHashIndexSize=101
[2023.05.06-16.08.05:686][  0]LogPakFile: PakFile FullDirectoryIndexSize=154
[2023.05.06-16.08.05:686][  0]LogShaderLibrary: Display: ShaderCodeLibraryPakFileMountedCallback: PakFile 'D:/Program Files/Epic Games/UE_4.27/FeaturePacks/TP_2DSideScroller.upack' (chunk index -1, root 'root:/') mounted
[2023.05.06-16.08.05:686][  0]LogShaderLibrary: Display: ShaderCodeLibraryPakFileMountedCallback: pending pak file info (ChunkID:-1 Root:root:/ File:D:/Program Files/Epic Games/UE_4.27/FeaturePacks/TP_2DSideScroller.upack)
[2023.05.06-16.08.05:686][  0]LogPakFile: OnPakFileMounted2Time == 0.000027
[2023.05.06-16.08.05:691][  0]LogPakFile: PakFile PrimaryIndexSize=192
[2023.05.06-16.08.05:691][  0]LogPakFile: PakFile PathHashIndexSize=101
[2023.05.06-16.08.05:691][  0]LogPakFile: PakFile FullDirectoryIndexSize=158
[2023.05.06-16.08.05:691][  0]LogShaderLibrary: Display: ShaderCodeLibraryPakFileMountedCallback: PakFile 'D:/Program Files/Epic Games/UE_4.27/FeaturePacks/TP_2DSideScrollerBP.upack' (chunk index -1, root 'root:/') mounted
[2023.05.06-16.08.05:691][  0]LogShaderLibrary: Display: ShaderCodeLibraryPakFileMountedCallback: pending pak file info (ChunkID:-1 Root:root:/ File:D:/Program Files/Epic Games/UE_4.27/FeaturePacks/TP_2DSideScrollerBP.upack)
[2023.05.06-16.08.05:691][  0]LogPakFile: OnPakFileMounted2Time == 0.000026
[2023.05.06-16.08.05:696][  0]LogPakFile: PakFile PrimaryIndexSize=182
[2023.05.06-16.08.05:696][  0]LogPakFile: PakFile PathHashIndexSize=101
[2023.05.06-16.08.05:696][  0]LogPakFile: PakFile FullDirectoryIndexSize=138
[2023.05.06-16.08.05:696][  0]LogShaderLibrary: Display: ShaderCodeLibraryPakFileMountedCallback: PakFile 'D:/Program Files/Epic Games/UE_4.27/FeaturePacks/TP_Flying.upack' (chunk index -1, root 'root:/') mounted
[2023.05.06-16.08.05:696][  0]LogShaderLibrary: Display: ShaderCodeLibraryPakFileMountedCallback: pending pak file info (ChunkID:-1 Root:root:/ File:D:/Program Files/Epic Games/UE_4.27/FeaturePacks/TP_Flying.upack)
[2023.05.06-16.08.05:696][  0]LogPakFile: OnPakFileMounted2Time == 0.000044
[2023.05.06-16.08.05:702][  0]LogPakFile: PakFile PrimaryIndexSize=184
[2023.05.06-16.08.05:702][  0]LogPakFile: PakFile PathHashIndexSize=101
[2023.05.06-16.08.05:702][  0]LogPakFile: PakFile FullDirectoryIndexSize=142
[2023.05.06-16.08.05:702][  0]LogShaderLibrary: Display: ShaderCodeLibraryPakFileMountedCallback: PakFile 'D:/Program Files/Epic Games/UE_4.27/FeaturePacks/TP_FlyingBP.upack' (chunk index -1, root 'root:/') mounted
[2023.05.06-16.08.05:702][  0]LogShaderLibrary: Display: ShaderCodeLibraryPakFileMountedCallback: pending pak file info (ChunkID:-1 Root:root:/ File:D:/Program Files/Epic Games/UE_4.27/FeaturePacks/TP_FlyingBP.upack)
[2023.05.06-16.08.05:702][  0]LogPakFile: OnPakFileMounted2Time == 0.000031
[2023.05.06-16.08.05:707][  0]LogPakFile: PakFile PrimaryIndexSize=188
[2023.05.06-16.08.05:707][  0]LogPakFile: PakFile PathHashIndexSize=101
[2023.05.06-16.08.05:707][  0]LogPakFile: PakFile FullDirectoryIndexSize=150
[2023.05.06-16.08.05:707][  0]LogShaderLibrary: Display: ShaderCodeLibraryPakFileMountedCallback: PakFile 'D:/Program Files/Epic Games/UE_4.27/FeaturePacks/TP_HandheldARBP.upack' (chunk index -1, root 'root:/') mounted
[2023.05.06-16.08.05:707][  0]LogShaderLibrary: Display: ShaderCodeLibraryPakFileMountedCallback: pending pak file info (ChunkID:-1 Root:root:/ File:D:/Program Files/Epic Games/UE_4.27/FeaturePacks/TP_HandheldARBP.upack)
[2023.05.06-16.08.05:707][  0]LogPakFile: OnPakFileMounted2Time == 0.000034
[2023.05.06-16.08.05:712][  0]LogPakFile: PakFile PrimaryIndexSize=182
[2023.05.06-16.08.05:712][  0]LogPakFile: PakFile PathHashIndexSize=101
[2023.05.06-16.08.05:713][  0]LogPakFile: PakFile FullDirectoryIndexSize=138
[2023.05.06-16.08.05:713][  0]LogShaderLibrary: Display: ShaderCodeLibraryPakFileMountedCallback: PakFile 'D:/Program Files/Epic Games/UE_4.27/FeaturePacks/TP_Puzzle.upack' (chunk index -1, root 'root:/') mounted
[2023.05.06-16.08.05:713][  0]LogShaderLibrary: Display: ShaderCodeLibraryPakFileMountedCallback: pending pak file info (ChunkID:-1 Root:root:/ File:D:/Program Files/Epic Games/UE_4.27/FeaturePacks/TP_Puzzle.upack)
[2023.05.06-16.08.05:713][  0]LogPakFile: OnPakFileMounted2Time == 0.000029
[2023.05.06-16.08.05:720][  0]LogPakFile: PakFile PrimaryIndexSize=184
[2023.05.06-16.08.05:720][  0]LogPakFile: PakFile PathHashIndexSize=101
[2023.05.06-16.08.05:720][  0]LogPakFile: PakFile FullDirectoryIndexSize=142
[2023.05.06-16.08.05:720][  0]LogShaderLibrary: Display: ShaderCodeLibraryPakFileMountedCallback: PakFile 'D:/Program Files/Epic Games/UE_4.27/FeaturePacks/TP_PuzzleBP.upack' (chunk index -1, root 'root:/') mounted
[2023.05.06-16.08.05:720][  0]LogShaderLibrary: Display: ShaderCodeLibraryPakFileMountedCallback: pending pak file info (ChunkID:-1 Root:root:/ File:D:/Program Files/Epic Games/UE_4.27/FeaturePacks/TP_PuzzleBP.upack)
[2023.05.06-16.08.05:720][  0]LogPakFile: OnPakFileMounted2Time == 0.000040
[2023.05.06-16.08.05:725][  0]LogPakFile: PakFile PrimaryIndexSize=183
[2023.05.06-16.08.05:725][  0]LogPakFile: PakFile PathHashIndexSize=101
[2023.05.06-16.08.05:725][  0]LogPakFile: PakFile FullDirectoryIndexSize=140
[2023.05.06-16.08.05:725][  0]LogShaderLibrary: Display: ShaderCodeLibraryPakFileMountedCallback: PakFile 'D:/Program Files/Epic Games/UE_4.27/FeaturePacks/TP_Rolling.upack' (chunk index -1, root 'root:/') mounted
[2023.05.06-16.08.05:725][  0]LogShaderLibrary: Display: ShaderCodeLibraryPakFileMountedCallback: pending pak file info (ChunkID:-1 Root:root:/ File:D:/Program Files/Epic Games/UE_4.27/FeaturePacks/TP_Rolling.upack)
[2023.05.06-16.08.05:725][  0]LogPakFile: OnPakFileMounted2Time == 0.000034
[2023.05.06-16.08.05:729][  0]LogPakFile: PakFile PrimaryIndexSize=185
[2023.05.06-16.08.05:729][  0]LogPakFile: PakFile PathHashIndexSize=101
[2023.05.06-16.08.05:729][  0]LogPakFile: PakFile FullDirectoryIndexSize=144
[2023.05.06-16.08.05:729][  0]LogShaderLibrary: Display: ShaderCodeLibraryPakFileMountedCallback: PakFile 'D:/Program Files/Epic Games/UE_4.27/FeaturePacks/TP_RollingBP.upack' (chunk index -1, root 'root:/') mounted
[2023.05.06-16.08.05:729][  0]LogShaderLibrary: Display: ShaderCodeLibraryPakFileMountedCallback: pending pak file info (ChunkID:-1 Root:root:/ File:D:/Program Files/Epic Games/UE_4.27/FeaturePacks/TP_RollingBP.upack)
[2023.05.06-16.08.05:729][  0]LogPakFile: OnPakFileMounted2Time == 0.000036
[2023.05.06-16.08.05:734][  0]LogPakFile: PakFile PrimaryIndexSize=188
[2023.05.06-16.08.05:734][  0]LogPakFile: PakFile PathHashIndexSize=101
[2023.05.06-16.08.05:734][  0]LogPakFile: PakFile FullDirectoryIndexSize=150
[2023.05.06-16.08.05:734][  0]LogShaderLibrary: Display: ShaderCodeLibraryPakFileMountedCallback: PakFile 'D:/Program Files/Epic Games/UE_4.27/FeaturePacks/TP_SideScroller.upack' (chunk index -1, root 'root:/') mounted
[2023.05.06-16.08.05:734][  0]LogShaderLibrary: Display: ShaderCodeLibraryPakFileMountedCallback: pending pak file info (ChunkID:-1 Root:root:/ File:D:/Program Files/Epic Games/UE_4.27/FeaturePacks/TP_SideScroller.upack)
[2023.05.06-16.08.05:734][  0]LogPakFile: OnPakFileMounted2Time == 0.000034
[2023.05.06-16.08.05:738][  0]LogPakFile: PakFile PrimaryIndexSize=190
[2023.05.06-16.08.05:738][  0]LogPakFile: PakFile PathHashIndexSize=101
[2023.05.06-16.08.05:738][  0]LogPakFile: PakFile FullDirectoryIndexSize=154
[2023.05.06-16.08.05:738][  0]LogShaderLibrary: Display: ShaderCodeLibraryPakFileMountedCallback: PakFile 'D:/Program Files/Epic Games/UE_4.27/FeaturePacks/TP_SideScrollerBP.upack' (chunk index -1, root 'root:/') mounted
[2023.05.06-16.08.05:738][  0]LogShaderLibrary: Display: ShaderCodeLibraryPakFileMountedCallback: pending pak file info (ChunkID:-1 Root:root:/ File:D:/Program Files/Epic Games/UE_4.27/FeaturePacks/TP_SideScrollerBP.upack)
[2023.05.06-16.08.05:738][  0]LogPakFile: OnPakFileMounted2Time == 0.000026
[2023.05.06-16.08.05:742][  0]LogPakFile: PakFile PrimaryIndexSize=187
[2023.05.06-16.08.05:742][  0]LogPakFile: PakFile PathHashIndexSize=101
[2023.05.06-16.08.05:743][  0]LogPakFile: PakFile FullDirectoryIndexSize=148
[2023.05.06-16.08.05:743][  0]LogShaderLibrary: Display: ShaderCodeLibraryPakFileMountedCallback: PakFile 'D:/Program Files/Epic Games/UE_4.27/FeaturePacks/TP_ThirdPerson.upack' (chunk index -1, root 'root:/') mounted
[2023.05.06-16.08.05:743][  0]LogShaderLibrary: Display: ShaderCodeLibraryPakFileMountedCallback: pending pak file info (ChunkID:-1 Root:root:/ File:D:/Program Files/Epic Games/UE_4.27/FeaturePacks/TP_ThirdPerson.upack)
[2023.05.06-16.08.05:743][  0]LogPakFile: OnPakFileMounted2Time == 0.000031
[2023.05.06-16.08.05:747][  0]LogPakFile: PakFile PrimaryIndexSize=189
[2023.05.06-16.08.05:747][  0]LogPakFile: PakFile PathHashIndexSize=101
[2023.05.06-16.08.05:747][  0]LogPakFile: PakFile FullDirectoryIndexSize=152
[2023.05.06-16.08.05:747][  0]LogShaderLibrary: Display: ShaderCodeLibraryPakFileMountedCallback: PakFile 'D:/Program Files/Epic Games/UE_4.27/FeaturePacks/TP_ThirdPersonBP.upack' (chunk index -1, root 'root:/') mounted
[2023.05.06-16.08.05:747][  0]LogShaderLibrary: Display: ShaderCodeLibraryPakFileMountedCallback: pending pak file info (ChunkID:-1 Root:root:/ File:D:/Program Files/Epic Games/UE_4.27/FeaturePacks/TP_ThirdPersonBP.upack)
[2023.05.06-16.08.05:747][  0]LogPakFile: OnPakFileMounted2Time == 0.000033
[2023.05.06-16.08.05:751][  0]LogPakFile: PakFile PrimaryIndexSize=183
[2023.05.06-16.08.05:751][  0]LogPakFile: PakFile PathHashIndexSize=101
[2023.05.06-16.08.05:751][  0]LogPakFile: PakFile FullDirectoryIndexSize=140
[2023.05.06-16.08.05:751][  0]LogShaderLibrary: Display: ShaderCodeLibraryPakFileMountedCallback: PakFile 'D:/Program Files/Epic Games/UE_4.27/FeaturePacks/TP_TopDown.upack' (chunk index -1, root 'root:/') mounted
[2023.05.06-16.08.05:752][  0]LogShaderLibrary: Display: ShaderCodeLibraryPakFileMountedCallback: pending pak file info (ChunkID:-1 Root:root:/ File:D:/Program Files/Epic Games/UE_4.27/FeaturePacks/TP_TopDown.upack)
[2023.05.06-16.08.05:752][  0]LogPakFile: OnPakFileMounted2Time == 0.000042
[2023.05.06-16.08.05:756][  0]LogPakFile: PakFile PrimaryIndexSize=185
[2023.05.06-16.08.05:756][  0]LogPakFile: PakFile PathHashIndexSize=101
[2023.05.06-16.08.05:756][  0]LogPakFile: PakFile FullDirectoryIndexSize=144
[2023.05.06-16.08.05:756][  0]LogShaderLibrary: Display: ShaderCodeLibraryPakFileMountedCallback: PakFile 'D:/Program Files/Epic Games/UE_4.27/FeaturePacks/TP_TopDownBP.upack' (chunk index -1, root 'root:/') mounted
[2023.05.06-16.08.05:756][  0]LogShaderLibrary: Display: ShaderCodeLibraryPakFileMountedCallback: pending pak file info (ChunkID:-1 Root:root:/ File:D:/Program Files/Epic Games/UE_4.27/FeaturePacks/TP_TopDownBP.upack)
[2023.05.06-16.08.05:756][  0]LogPakFile: OnPakFileMounted2Time == 0.000031
[2023.05.06-16.08.05:762][  0]LogPakFile: PakFile PrimaryIndexSize=185
[2023.05.06-16.08.05:762][  0]LogPakFile: PakFile PathHashIndexSize=101
[2023.05.06-16.08.05:762][  0]LogPakFile: PakFile FullDirectoryIndexSize=144
[2023.05.06-16.08.05:762][  0]LogShaderLibrary: Display: ShaderCodeLibraryPakFileMountedCallback: PakFile 'D:/Program Files/Epic Games/UE_4.27/FeaturePacks/TP_TwinStick.upack' (chunk index -1, root 'root:/') mounted
[2023.05.06-16.08.05:762][  0]LogShaderLibrary: Display: ShaderCodeLibraryPakFileMountedCallback: pending pak file info (ChunkID:-1 Root:root:/ File:D:/Program Files/Epic Games/UE_4.27/FeaturePacks/TP_TwinStick.upack)
[2023.05.06-16.08.05:762][  0]LogPakFile: OnPakFileMounted2Time == 0.000030
[2023.05.06-16.08.05:767][  0]LogPakFile: PakFile PrimaryIndexSize=187
[2023.05.06-16.08.05:767][  0]LogPakFile: PakFile PathHashIndexSize=101
[2023.05.06-16.08.05:767][  0]LogPakFile: PakFile FullDirectoryIndexSize=148
[2023.05.06-16.08.05:767][  0]LogShaderLibrary: Display: ShaderCodeLibraryPakFileMountedCallback: PakFile 'D:/Program Files/Epic Games/UE_4.27/FeaturePacks/TP_TwinStickBP.upack' (chunk index -1, root 'root:/') mounted
[2023.05.06-16.08.05:767][  0]LogShaderLibrary: Display: ShaderCodeLibraryPakFileMountedCallback: pending pak file info (ChunkID:-1 Root:root:/ File:D:/Program Files/Epic Games/UE_4.27/FeaturePacks/TP_TwinStickBP.upack)
[2023.05.06-16.08.05:767][  0]LogPakFile: OnPakFileMounted2Time == 0.000028
[2023.05.06-16.08.05:771][  0]LogPakFile: PakFile PrimaryIndexSize=183
[2023.05.06-16.08.05:771][  0]LogPakFile: PakFile PathHashIndexSize=101
[2023.05.06-16.08.05:771][  0]LogPakFile: PakFile FullDirectoryIndexSize=140
[2023.05.06-16.08.05:771][  0]LogShaderLibrary: Display: ShaderCodeLibraryPakFileMountedCallback: PakFile 'D:/Program Files/Epic Games/UE_4.27/FeaturePacks/TP_Vehicle.upack' (chunk index -1, root 'root:/') mounted
[2023.05.06-16.08.05:771][  0]LogShaderLibrary: Display: ShaderCodeLibraryPakFileMountedCallback: pending pak file info (ChunkID:-1 Root:root:/ File:D:/Program Files/Epic Games/UE_4.27/FeaturePacks/TP_Vehicle.upack)
[2023.05.06-16.08.05:771][  0]LogPakFile: OnPakFileMounted2Time == 0.000031
[2023.05.06-16.08.05:775][  0]LogPakFile: PakFile PrimaryIndexSize=186
[2023.05.06-16.08.05:775][  0]LogPakFile: PakFile PathHashIndexSize=101
[2023.05.06-16.08.05:775][  0]LogPakFile: PakFile FullDirectoryIndexSize=146
[2023.05.06-16.08.05:775][  0]LogShaderLibrary: Display: ShaderCodeLibraryPakFileMountedCallback: PakFile 'D:/Program Files/Epic Games/UE_4.27/FeaturePacks/TP_VehicleAdv.upack' (chunk index -1, root 'root:/') mounted
[2023.05.06-16.08.05:775][  0]LogShaderLibrary: Display: ShaderCodeLibraryPakFileMountedCallback: pending pak file info (ChunkID:-1 Root:root:/ File:D:/Program Files/Epic Games/UE_4.27/FeaturePacks/TP_VehicleAdv.upack)
[2023.05.06-16.08.05:775][  0]LogPakFile: OnPakFileMounted2Time == 0.000026
[2023.05.06-16.08.05:780][  0]LogPakFile: PakFile PrimaryIndexSize=188
[2023.05.06-16.08.05:780][  0]LogPakFile: PakFile PathHashIndexSize=101
[2023.05.06-16.08.05:780][  0]LogPakFile: PakFile FullDirectoryIndexSize=150
[2023.05.06-16.08.05:780][  0]LogShaderLibrary: Display: ShaderCodeLibraryPakFileMountedCallback: PakFile 'D:/Program Files/Epic Games/UE_4.27/FeaturePacks/TP_VehicleAdvBP.upack' (chunk index -1, root 'root:/') mounted
[2023.05.06-16.08.05:780][  0]LogShaderLibrary: Display: ShaderCodeLibraryPakFileMountedCallback: pending pak file info (ChunkID:-1 Root:root:/ File:D:/Program Files/Epic Games/UE_4.27/FeaturePacks/TP_VehicleAdvBP.upack)
[2023.05.06-16.08.05:780][  0]LogPakFile: OnPakFileMounted2Time == 0.000040
[2023.05.06-16.08.05:785][  0]LogPakFile: PakFile PrimaryIndexSize=185
[2023.05.06-16.08.05:785][  0]LogPakFile: PakFile PathHashIndexSize=101
[2023.05.06-16.08.05:785][  0]LogPakFile: PakFile FullDirectoryIndexSize=144
[2023.05.06-16.08.05:785][  0]LogShaderLibrary: Display: ShaderCodeLibraryPakFileMountedCallback: PakFile 'D:/Program Files/Epic Games/UE_4.27/FeaturePacks/TP_VehicleBP.upack' (chunk index -1, root 'root:/') mounted
[2023.05.06-16.08.05:785][  0]LogShaderLibrary: Display: ShaderCodeLibraryPakFileMountedCallback: pending pak file info (ChunkID:-1 Root:root:/ File:D:/Program Files/Epic Games/UE_4.27/FeaturePacks/TP_VehicleBP.upack)
[2023.05.06-16.08.05:785][  0]LogPakFile: OnPakFileMounted2Time == 0.000033
[2023.05.06-16.08.05:789][  0]LogPakFile: PakFile PrimaryIndexSize=192
[2023.05.06-16.08.05:789][  0]LogPakFile: PakFile PathHashIndexSize=101
[2023.05.06-16.08.05:789][  0]LogPakFile: PakFile FullDirectoryIndexSize=158
[2023.05.06-16.08.05:789][  0]LogShaderLibrary: Display: ShaderCodeLibraryPakFileMountedCallback: PakFile 'D:/Program Files/Epic Games/UE_4.27/FeaturePacks/TP_VirtualRealityBP.upack' (chunk index -1, root 'root:/') mounted
[2023.05.06-16.08.05:789][  0]LogShaderLibrary: Display: ShaderCodeLibraryPakFileMountedCallback: pending pak file info (ChunkID:-1 Root:root:/ File:D:/Program Files/Epic Games/UE_4.27/FeaturePacks/TP_VirtualRealityBP.upack)
[2023.05.06-16.08.05:789][  0]LogPakFile: OnPakFileMounted2Time == 0.000030
[2023.05.06-16.08.06:305][  0]LogNativeClassHierarchy: Verbose: Native class hierarchy updated for 'AddContentDialog' in 0.0008 seconds. Added 0 classes and 0 folders.
[2023.05.06-16.08.06:312][  0]LogNativeClassHierarchy: Verbose: Native class hierarchy updated for 'SceneOutliner' in 0.0007 seconds. Added 2 classes and 0 folders.
[2023.05.06-16.08.06:425][  0]LogSlate: Took 0.008528 seconds to synchronously load lazily loaded font '../../../Engine/Content/Slate/Fonts/Roboto-Regular.ttf' (155K)
[2023.05.06-16.08.06:439][  0]LogSlate: Took 0.010557 seconds to synchronously load lazily loaded font '../../../Engine/Content/Editor/Slate/Fonts/FontAwesome.ttf' (139K)
[2023.05.06-16.08.06:454][  0]LogSlate: Took 0.014254 seconds to synchronously load lazily loaded font '../../../Engine/Content/Slate/Fonts/DroidSansFallback.ttf' (3848K)
[2023.05.06-16.08.06:464][  0]LogSlate: Took 0.007838 seconds to synchronously load lazily loaded font '../../../Engine/Content/Slate/Fonts/Roboto-Bold.ttf' (160K)
[2023.05.06-16.08.06:679][  0]LogRenderer: Reallocating scene render targets to support 1616x808 Format 10 NumSamples 1 (Frame:1).
[2023.05.06-16.08.07:179][  0]LogShaderCompilers: Display: Worker (10/13): shaders left to compile 6
[2023.05.06-16.08.07:179][  0]LogShaderCompilers: Display: Started 1 'Local' shader compile jobs with 'Low' priority
[2023.05.06-16.08.07:179][  0]LogShaderCompilers: Display: Worker (2/13): shaders left to compile 5
[2023.05.06-16.08.07:179][  0]LogShaderCompilers: Display: Started 1 'Local' shader compile jobs with 'Low' priority
[2023.05.06-16.08.07:179][  0]LogShaderCompilers: Display: Worker (9/13): shaders left to compile 4
[2023.05.06-16.08.07:179][  0]LogShaderCompilers: Display: Started 1 'Local' shader compile jobs with 'Low' priority
[2023.05.06-16.08.07:179][  0]LogShaderCompilers: Display: Worker (1/13): shaders left to compile 3
[2023.05.06-16.08.07:179][  0]LogShaderCompilers: Display: Started 1 'Local' shader compile jobs with 'Low' priority
[2023.05.06-16.08.07:179][  0]LogShaderCompilers: Display: Worker (4/13): shaders left to compile 2
[2023.05.06-16.08.07:179][  0]LogShaderCompilers: Display: Started 1 'Local' shader compile jobs with 'Low' priority
[2023.05.06-16.08.07:179][  0]LogShaderCompilers: Display: Worker (12/13): shaders left to compile 1
[2023.05.06-16.08.07:179][  0]LogShaderCompilers: Display: Started 1 'Local' shader compile jobs with 'Low' priority
[2023.05.06-16.08.07:239][  0]LogNativeClassHierarchy: Verbose: Native class hierarchy updated for 'HierarchicalLODOutliner' in 0.0006 seconds. Added 0 classes and 0 folders.
[2023.05.06-16.08.07:239][  0]LogLoad: (Engine Initialization) Total time: 23.78 seconds
[2023.05.06-16.08.07:239][  0]LogLoad: (Engine Initialization) Total Blueprint compile time: 0.00 seconds
[2023.05.06-16.08.07:387][  0]LogAssetRegistry: Asset discovery search completed in 13.7976 seconds
[2023.05.06-16.08.07:396][  0]LogCollectionManager: Fixed up redirectors for 0 collections in 0.000175 seconds (updated 0 objects)
[2023.05.06-16.08.07:404][  0]LogContentStreaming: Texture pool size now 1000 MB
[2023.05.06-16.08.08:266][ 80]LogSlate: Took 0.004169 seconds to synchronously load lazily loaded font '../../../Engine/Content/Slate/Fonts/Roboto-Light.ttf' (167K)
[2023.05.06-16.08.18:105][177]Cmd: POLY SELECT ADJACENT WALLS
[2023.05.06-16.08.18:359][206]Cmd: POLY SELECT ADJACENT WALLS
[2023.05.06-16.08.22:599][693]LogEditorViewport: Clicking on Actor (LMB): StaticMeshActor (Floor)
[2023.05.06-16.08.23:132][750]LogEditorViewport: Clicking on Actor (LMB): StaticMeshActor (CubeMesh)
[2023.05.06-16.08.24:214][875]LogEditorViewport: Clicking on Actor (context menu): StaticMeshActor (Floor)
[2023.05.06-16.08.25:206][984]LogEditorViewport: Clicking on Actor (LMB): StaticMeshActor (Floor)
[2023.05.06-16.08.30:668][317]LogEditorViewport: Clicking on Actor (context menu): BP_Sky_Sphere_C (SkySphereBlueprint)
[2023.05.06-16.08.31:941][462]LogEditorViewport: Clicking on Actor (LMB): BP_Sky_Sphere_C (SkySphereBlueprint)
